{"/home/travis/build/npmtest/node-npmtest-jscpd/test.js":{"path":"/home/travis/build/npmtest/node-npmtest-jscpd/test.js","s":{"1":2,"2":2,"3":2,"4":2,"5":2,"6":2,"7":2,"8":1,"9":2,"10":2,"11":1,"12":1,"13":1,"14":1,"15":2,"16":2,"17":2,"18":2,"19":1,"20":1,"21":2,"22":2,"23":2,"24":1,"25":1,"26":1,"27":1,"28":1,"29":1,"30":1,"31":1,"32":1,"33":1,"34":1,"35":1,"36":1,"37":1,"38":1,"39":2,"40":2,"41":1,"42":2,"43":2,"44":1,"45":2,"46":2,"47":1,"48":2,"49":2,"50":1,"51":1,"52":1,"53":1,"54":1},"b":{"1":[2,1,1,1],"2":[1,1,1,1],"3":[1,1],"4":[1,1],"5":[1,1],"6":[1,1],"7":[1,1],"8":[1,1],"9":[1,1],"10":[1,1,1],"11":[1,1],"12":[1,1],"13":[1,1],"14":[1,1],"15":[1,1],"16":[1,1],"17":[1,1]},"f":{"1":2,"2":2,"3":2,"4":2,"5":2,"6":1,"7":1,"8":1,"9":2,"10":2,"11":2,"12":2,"13":1},"fnMap":{"1":{"name":"(anonymous_1)","line":12,"loc":{"start":{"line":12,"column":1},"end":{"line":12,"column":13}}},"2":{"name":"(anonymous_2)","line":19,"loc":{"start":{"line":19,"column":5},"end":{"line":19,"column":17}}},"3":{"name":"(anonymous_3)","line":23,"loc":{"start":{"line":23,"column":24},"end":{"line":23,"column":36}}},"4":{"name":"(anonymous_4)","line":61,"loc":{"start":{"line":61,"column":5},"end":{"line":61,"column":17}}},"5":{"name":"(anonymous_5)","line":82,"loc":{"start":{"line":82,"column":5},"end":{"line":82,"column":17}}},"6":{"name":"(anonymous_6)","line":91,"loc":{"start":{"line":91,"column":77},"end":{"line":94,"column":10}}},"7":{"name":"(anonymous_7)","line":112,"loc":{"start":{"line":112,"column":83},"end":{"line":115,"column":10}},"skip":true},"8":{"name":"(anonymous_8)","line":123,"loc":{"start":{"line":123,"column":77},"end":{"line":126,"column":10}},"skip":true},"9":{"name":"(anonymous_9)","line":139,"loc":{"start":{"line":139,"column":12},"end":{"line":139,"column":40}},"skip":true},"10":{"name":"(anonymous_10)","line":147,"loc":{"start":{"line":147,"column":77},"end":{"line":150,"column":10}},"skip":true},"11":{"name":"(anonymous_11)","line":158,"loc":{"start":{"line":158,"column":83},"end":{"line":161,"column":10}},"skip":true},"12":{"name":"(anonymous_12)","line":169,"loc":{"start":{"line":169,"column":79},"end":{"line":172,"column":10}},"skip":true},"13":{"name":"(anonymous_13)","line":180,"loc":{"start":{"line":180,"column":75},"end":{"line":183,"column":10}},"skip":true}},"statementMap":{"1":{"start":{"line":12,"column":0},"end":{"line":195,"column":5}},"2":{"start":{"line":14,"column":4},"end":{"line":14,"column":14}},"3":{"start":{"line":19,"column":4},"end":{"line":56,"column":9}},"4":{"start":{"line":21,"column":8},"end":{"line":21,"column":19}},"5":{"start":{"line":23,"column":8},"end":{"line":35,"column":13}},"6":{"start":{"line":24,"column":12},"end":{"line":34,"column":13}},"7":{"start":{"line":25,"column":16},"end":{"line":28,"column":30}},"8":{"start":{"line":30,"column":16},"end":{"line":33,"column":27}},"9":{"start":{"line":37,"column":8},"end":{"line":39,"column":21}},"10":{"start":{"line":40,"column":8},"end":{"line":53,"column":9}},"11":{"start":{"line":43,"column":12},"end":{"line":46,"column":14}},"12":{"start":{"line":47,"column":12},"end":{"line":47,"column":18}},"13":{"start":{"line":50,"column":12},"end":{"line":51,"column":33}},"14":{"start":{"line":52,"column":12},"end":{"line":52,"column":18}},"15":{"start":{"line":55,"column":8},"end":{"line":55,"column":35}},"16":{"start":{"line":61,"column":4},"end":{"line":63,"column":9}},"17":{"start":{"line":62,"column":8},"end":{"line":62,"column":15}},"18":{"start":{"line":64,"column":4},"end":{"line":77,"column":5}},"19":{"start":{"line":70,"column":8},"end":{"line":70,"column":14}},"20":{"start":{"line":76,"column":8},"end":{"line":76,"column":14}},"21":{"start":{"line":82,"column":4},"end":{"line":84,"column":9}},"22":{"start":{"line":83,"column":8},"end":{"line":83,"column":15}},"23":{"start":{"line":85,"column":4},"end":{"line":194,"column":5}},"24":{"start":{"line":91,"column":8},"end":{"line":99,"column":10}},"25":{"start":{"line":98,"column":12},"end":{"line":98,"column":35}},"26":{"start":{"line":102,"column":8},"end":{"line":104,"column":63}},"27":{"start":{"line":105,"column":8},"end":{"line":105,"column":14}},"28":{"start":{"line":112,"column":8},"end":{"line":121,"column":10},"skip":true},"29":{"start":{"line":119,"column":12},"end":{"line":119,"column":55},"skip":true},"30":{"start":{"line":120,"column":12},"end":{"line":120,"column":48},"skip":true},"31":{"start":{"line":123,"column":8},"end":{"line":136,"column":10},"skip":true},"32":{"start":{"line":130,"column":12},"end":{"line":130,"column":76},"skip":true},"33":{"start":{"line":131,"column":12},"end":{"line":131,"column":73},"skip":true},"34":{"start":{"line":132,"column":12},"end":{"line":132,"column":74},"skip":true},"35":{"start":{"line":133,"column":12},"end":{"line":133,"column":79},"skip":true},"36":{"start":{"line":134,"column":12},"end":{"line":134,"column":25},"skip":true},"37":{"start":{"line":135,"column":12},"end":{"line":135,"column":45},"skip":true},"38":{"start":{"line":138,"column":8},"end":{"line":145,"column":14},"skip":true},"39":{"start":{"line":143,"column":16},"end":{"line":143,"column":29},"skip":true},"40":{"start":{"line":144,"column":16},"end":{"line":144,"column":55},"skip":true},"41":{"start":{"line":147,"column":8},"end":{"line":156,"column":10},"skip":true},"42":{"start":{"line":154,"column":12},"end":{"line":154,"column":25},"skip":true},"43":{"start":{"line":155,"column":12},"end":{"line":155,"column":45},"skip":true},"44":{"start":{"line":158,"column":8},"end":{"line":167,"column":10},"skip":true},"45":{"start":{"line":165,"column":12},"end":{"line":165,"column":25},"skip":true},"46":{"start":{"line":166,"column":12},"end":{"line":166,"column":48},"skip":true},"47":{"start":{"line":169,"column":8},"end":{"line":178,"column":10},"skip":true},"48":{"start":{"line":176,"column":12},"end":{"line":176,"column":25},"skip":true},"49":{"start":{"line":177,"column":12},"end":{"line":177,"column":46},"skip":true},"50":{"start":{"line":180,"column":8},"end":{"line":189,"column":10},"skip":true},"51":{"start":{"line":187,"column":12},"end":{"line":187,"column":94},"skip":true},"52":{"start":{"line":188,"column":12},"end":{"line":188,"column":48},"skip":true},"53":{"start":{"line":192,"column":8},"end":{"line":192,"column":35},"skip":true},"54":{"start":{"line":193,"column":8},"end":{"line":193,"column":14},"skip":true}},"branchMap":{"1":{"line":25,"type":"binary-expr","locations":[{"start":{"line":25,"column":23},"end":{"line":25,"column":62}},{"start":{"line":26,"column":20},"end":{"line":26,"column":70}},{"start":{"line":27,"column":20},"end":{"line":27,"column":71}},{"start":{"line":28,"column":20},"end":{"line":28,"column":29}}]},"2":{"line":30,"type":"binary-expr","locations":[{"start":{"line":30,"column":23},"end":{"line":30,"column":37}},{"start":{"line":31,"column":20},"end":{"line":31,"column":61}},{"start":{"line":32,"column":20},"end":{"line":32,"column":70}},{"start":{"line":33,"column":20},"end":{"line":33,"column":26}}]},"3":{"line":37,"type":"cond-expr","locations":[{"start":{"line":38,"column":14},"end":{"line":38,"column":20}},{"start":{"line":39,"column":14},"end":{"line":39,"column":20}}]},"4":{"line":40,"type":"switch","locations":[{"start":{"line":42,"column":8},"end":{"line":47,"column":18}},{"start":{"line":49,"column":8},"end":{"line":52,"column":18}}]},"5":{"line":44,"type":"binary-expr","locations":[{"start":{"line":44,"column":16},"end":{"line":44,"column":44}},{"start":{"line":44,"column":48},"end":{"line":44,"column":66}}]},"6":{"line":50,"type":"binary-expr","locations":[{"start":{"line":50,"column":21},"end":{"line":50,"column":49}},{"start":{"line":50,"column":53},"end":{"line":50,"column":72}}]},"7":{"line":64,"type":"switch","locations":[{"start":{"line":69,"column":4},"end":{"line":70,"column":14}},{"start":{"line":75,"column":4},"end":{"line":76,"column":14}}]},"8":{"line":85,"type":"switch","locations":[{"start":{"line":90,"column":4},"end":{"line":105,"column":14}},{"start":{"line":111,"column":4},"end":{"line":193,"column":14},"skip":true}]},"9":{"line":91,"type":"binary-expr","locations":[{"start":{"line":91,"column":42},"end":{"line":91,"column":73}},{"start":{"line":91,"column":77},"end":{"line":99,"column":9}}]},"10":{"line":102,"type":"binary-expr","locations":[{"start":{"line":102,"column":18},"end":{"line":102,"column":32}},{"start":{"line":103,"column":12},"end":{"line":103,"column":53}},{"start":{"line":104,"column":12},"end":{"line":104,"column":61}}]},"11":{"line":112,"type":"binary-expr","locations":[{"start":{"line":112,"column":45},"end":{"line":112,"column":79},"skip":true},{"start":{"line":112,"column":83},"end":{"line":121,"column":9},"skip":true}]},"12":{"line":123,"type":"binary-expr","locations":[{"start":{"line":123,"column":42},"end":{"line":123,"column":73},"skip":true},{"start":{"line":123,"column":77},"end":{"line":136,"column":9},"skip":true}]},"13":{"line":138,"type":"binary-expr","locations":[{"start":{"line":138,"column":48},"end":{"line":138,"column":85},"skip":true},{"start":{"line":139,"column":12},"end":{"line":145,"column":13},"skip":true}]},"14":{"line":147,"type":"binary-expr","locations":[{"start":{"line":147,"column":42},"end":{"line":147,"column":73},"skip":true},{"start":{"line":147,"column":77},"end":{"line":156,"column":9},"skip":true}]},"15":{"line":158,"type":"binary-expr","locations":[{"start":{"line":158,"column":45},"end":{"line":158,"column":79},"skip":true},{"start":{"line":158,"column":83},"end":{"line":167,"column":9},"skip":true}]},"16":{"line":169,"type":"binary-expr","locations":[{"start":{"line":169,"column":43},"end":{"line":169,"column":75},"skip":true},{"start":{"line":169,"column":79},"end":{"line":178,"column":9},"skip":true}]},"17":{"line":180,"type":"binary-expr","locations":[{"start":{"line":180,"column":41},"end":{"line":180,"column":71},"skip":true},{"start":{"line":180,"column":75},"end":{"line":189,"column":9},"skip":true}]}},"code":["/* istanbul instrument in package npmtest_jscpd */","/*jslint","    bitwise: true,","    browser: true,","    maxerr: 8,","    maxlen: 96,","    node: true,","    nomen: true,","    regexp: true,","    stupid: true","*/","(function () {","    'use strict';","    var local;","","","","    // run shared js-env code - pre-init","    (function () {","        // init local","        local = {};","        // init modeJs","        local.modeJs = (function () {","            try {","                return typeof navigator.userAgent === 'string' &&","                    typeof document.querySelector('body') === 'object' &&","                    typeof XMLHttpRequest.prototype.open === 'function' &&","                    'browser';","            } catch (errorCaughtBrowser) {","                return module.exports &&","                    typeof process.versions.node === 'string' &&","                    typeof require('http').createServer === 'function' &&","                    'node';","            }","        }());","        // init global","        local.global = local.modeJs === 'browser'","            ? window","            : global;","        switch (local.modeJs) {","        // re-init local from window.local","        case 'browser':","            local = local.global.utility2.objectSetDefault(","                local.global.utility2_rollup || local.global.local,","                local.global.utility2","            );","            break;","        // re-init local from example.js","        case 'node':","            local = (local.global.utility2_rollup || require('utility2'))","                .requireReadme();","            break;","        }","        // export local","        local.global.local = local;","    }());","","","","    // run shared js-env code - function","    (function () {","        return;","    }());","    switch (local.modeJs) {","","","","    // run browser js-env code - function","    case 'browser':","        break;","","","","    // run node js-env code - function","    case 'node':","        break;","    }","","","","    // run shared js-env code - post-init","    (function () {","        return;","    }());","    switch (local.modeJs) {","","","","    // run browser js-env code - post-init","    case 'browser':","        local.testCase_browser_nullCase = local.testCase_browser_nullCase || function (","            options,","            onError","        ) {","        /*","         * this function will test browsers's null-case handling-behavior-behavior","         */","            onError(null, options);","        };","","        // run tests","        local.nop(local.modeTest &&","            document.querySelector('#testRunButton1') &&","            document.querySelector('#testRunButton1').click());","        break;","","","","    // run node js-env code - post-init","    /* istanbul ignore next */","    case 'node':","        local.testCase_buildApidoc_default = local.testCase_buildApidoc_default || function (","            options,","            onError","        ) {","        /*","         * this function will test buildApidoc's default handling-behavior-behavior","         */","            options = { modulePathList: module.paths };","            local.buildApidoc(options, onError);","        };","","        local.testCase_buildApp_default = local.testCase_buildApp_default || function (","            options,","            onError","        ) {","        /*","         * this function will test buildApp's default handling-behavior-behavior","         */","            local.testCase_buildReadme_default(options, local.onErrorThrow);","            local.testCase_buildLib_default(options, local.onErrorThrow);","            local.testCase_buildTest_default(options, local.onErrorThrow);","            local.testCase_buildCustomOrg_default(options, local.onErrorThrow);","            options = [];","            local.buildApp(options, onError);","        };","","        local.testCase_buildCustomOrg_default = local.testCase_buildCustomOrg_default ||","            function (options, onError) {","            /*","             * this function will test buildCustomOrg's default handling-behavior","             */","                options = {};","                local.buildCustomOrg(options, onError);","            };","","        local.testCase_buildLib_default = local.testCase_buildLib_default || function (","            options,","            onError","        ) {","        /*","         * this function will test buildLib's default handling-behavior","         */","            options = {};","            local.buildLib(options, onError);","        };","","        local.testCase_buildReadme_default = local.testCase_buildReadme_default || function (","            options,","            onError","        ) {","        /*","         * this function will test buildReadme's default handling-behavior-behavior","         */","            options = {};","            local.buildReadme(options, onError);","        };","","        local.testCase_buildTest_default = local.testCase_buildTest_default || function (","            options,","            onError","        ) {","        /*","         * this function will test buildTest's default handling-behavior","         */","            options = {};","            local.buildTest(options, onError);","        };","","        local.testCase_webpage_default = local.testCase_webpage_default || function (","            options,","            onError","        ) {","        /*","         * this function will test webpage's default handling-behavior","         */","            options = { modeCoverageMerge: true, url: local.serverLocalHost + '?modeTest=1' };","            local.browserTest(options, onError);","        };","","        // run test-server","        local.testRunServer(local);","        break;","    }","}());",""],"l":{"12":2,"14":2,"19":2,"21":2,"23":2,"24":2,"25":2,"30":1,"37":2,"40":2,"43":1,"47":1,"50":1,"52":1,"55":2,"61":2,"62":2,"64":2,"70":1,"76":1,"82":2,"83":2,"85":2,"91":1,"98":1,"102":1,"105":1,"112":1,"119":1,"120":1,"123":1,"130":1,"131":1,"132":1,"133":1,"134":1,"135":1,"138":1,"143":2,"144":2,"147":1,"154":2,"155":2,"158":1,"165":2,"166":2,"169":1,"176":2,"177":2,"180":1,"187":1,"188":1,"192":1,"193":1}},"/home/travis/build/npmtest/node-npmtest-jscpd/lib.npmtest_jscpd.js":{"path":"/home/travis/build/npmtest/node-npmtest-jscpd/lib.npmtest_jscpd.js","s":{"1":2,"2":2,"3":2,"4":2,"5":2,"6":2,"7":2,"8":1,"9":2,"10":2,"11":2,"12":2,"13":1,"14":1,"15":1,"16":1},"b":{"1":[2,1,1,1],"2":[1,1,1,1],"3":[1,1],"4":[2,2],"5":[1,1]},"f":{"1":2,"2":2,"3":2},"fnMap":{"1":{"name":"(anonymous_1)","line":12,"loc":{"start":{"line":12,"column":1},"end":{"line":12,"column":13}}},"2":{"name":"(anonymous_2)","line":19,"loc":{"start":{"line":19,"column":5},"end":{"line":19,"column":17}}},"3":{"name":"(anonymous_3)","line":23,"loc":{"start":{"line":23,"column":24},"end":{"line":23,"column":36}}}},"statementMap":{"1":{"start":{"line":12,"column":0},"end":{"line":53,"column":5}},"2":{"start":{"line":14,"column":4},"end":{"line":14,"column":14}},"3":{"start":{"line":19,"column":4},"end":{"line":52,"column":9}},"4":{"start":{"line":21,"column":8},"end":{"line":21,"column":19}},"5":{"start":{"line":23,"column":8},"end":{"line":35,"column":13}},"6":{"start":{"line":24,"column":12},"end":{"line":34,"column":13}},"7":{"start":{"line":25,"column":16},"end":{"line":28,"column":30}},"8":{"start":{"line":30,"column":16},"end":{"line":33,"column":27}},"9":{"start":{"line":37,"column":8},"end":{"line":39,"column":21}},"10":{"start":{"line":41,"column":8},"end":{"line":41,"column":54}},"11":{"start":{"line":43,"column":8},"end":{"line":43,"column":50}},"12":{"start":{"line":45,"column":8},"end":{"line":51,"column":9}},"13":{"start":{"line":46,"column":12},"end":{"line":46,"column":56}},"14":{"start":{"line":48,"column":12},"end":{"line":48,"column":35}},"15":{"start":{"line":49,"column":12},"end":{"line":49,"column":49}},"16":{"start":{"line":50,"column":12},"end":{"line":50,"column":43}}},"branchMap":{"1":{"line":25,"type":"binary-expr","locations":[{"start":{"line":25,"column":23},"end":{"line":25,"column":62}},{"start":{"line":26,"column":20},"end":{"line":26,"column":70}},{"start":{"line":27,"column":20},"end":{"line":27,"column":71}},{"start":{"line":28,"column":20},"end":{"line":28,"column":29}}]},"2":{"line":30,"type":"binary-expr","locations":[{"start":{"line":30,"column":23},"end":{"line":30,"column":37}},{"start":{"line":31,"column":20},"end":{"line":31,"column":61}},{"start":{"line":32,"column":20},"end":{"line":32,"column":70}},{"start":{"line":33,"column":20},"end":{"line":33,"column":26}}]},"3":{"line":37,"type":"cond-expr","locations":[{"start":{"line":38,"column":14},"end":{"line":38,"column":20}},{"start":{"line":39,"column":14},"end":{"line":39,"column":20}}]},"4":{"line":41,"type":"binary-expr","locations":[{"start":{"line":41,"column":16},"end":{"line":41,"column":44}},{"start":{"line":41,"column":48},"end":{"line":41,"column":53}}]},"5":{"line":45,"type":"if","locations":[{"start":{"line":45,"column":8},"end":{"line":45,"column":8}},{"start":{"line":45,"column":8},"end":{"line":45,"column":8}}]}},"code":["/* istanbul instrument in package npmtest_jscpd */","/*jslint","    bitwise: true,","    browser: true,","    maxerr: 8,","    maxlen: 96,","    node: true,","    nomen: true,","    regexp: true,","    stupid: true","*/","(function () {","    'use strict';","    var local;","","","","    // run shared js-env code - pre-init","    (function () {","        // init local","        local = {};","        // init modeJs","        local.modeJs = (function () {","            try {","                return typeof navigator.userAgent === 'string' &&","                    typeof document.querySelector('body') === 'object' &&","                    typeof XMLHttpRequest.prototype.open === 'function' &&","                    'browser';","            } catch (errorCaughtBrowser) {","                return module.exports &&","                    typeof process.versions.node === 'string' &&","                    typeof require('http').createServer === 'function' &&","                    'node';","            }","        }());","        // init global","        local.global = local.modeJs === 'browser'","            ? window","            : global;","        // init utility2_rollup","        local = local.global.utility2_rollup || local;","        // init lib","        local.local = local.npmtest_jscpd = local;","        // init exports","        if (local.modeJs === 'browser') {","            local.global.utility2_npmtest_jscpd = local;","        } else {","            module.exports = local;","            module.exports.__dirname = __dirname;","            module.exports.module = module;","        }","    }());","}());",""],"l":{"12":2,"14":2,"19":2,"21":2,"23":2,"24":2,"25":2,"30":1,"37":2,"41":2,"43":2,"45":2,"46":1,"48":1,"49":1,"50":1}},"/home/travis/build/npmtest/node-npmtest-jscpd/example.js":{"path":"/home/travis/build/npmtest/node-npmtest-jscpd/example.js","s":{"1":2,"2":2,"3":2,"4":2,"5":2,"6":2,"7":2,"8":1,"9":2,"10":2,"11":2,"12":2,"13":1,"14":2,"15":2,"16":2,"17":2,"18":2,"19":0,"20":2,"21":1,"22":1,"23":1,"24":1,"25":1,"26":0,"27":0,"28":1,"29":1,"30":2,"31":0,"32":0,"33":0,"34":1,"35":2,"36":2,"37":3,"38":3,"39":3,"40":3,"41":0,"42":3,"43":3,"44":3,"45":1,"46":3,"47":1,"48":1,"49":1,"50":1,"51":1,"52":1,"53":1,"54":1,"55":1,"56":1,"57":0,"58":1,"59":6,"60":6,"61":1,"62":2,"63":0,"64":2,"65":1,"66":1,"67":0,"68":0,"69":0,"70":0,"71":0,"72":0,"73":0,"74":0,"75":0,"76":0,"77":0,"78":0,"79":0,"80":0,"81":0,"82":0,"83":0},"b":{"1":[2,1,1,1],"2":[1,1,1,1],"3":[1,1],"4":[2,2],"5":[1,1],"6":[1,1],"7":[2,0],"8":[2,1,1,1,1,1],"9":[0,2,0],"10":[1,1],"11":[2,1,1],"12":[1,0],"13":[0,2],"14":[2,0,0,0,0,0,0],"15":[0,3],"16":[3,0],"17":[1,1],"18":[0,1],"19":[1,2,0,2],"20":[1,0],"21":[1,1],"22":[0,0],"23":[0,0],"24":[0,0],"25":[0,0],"26":[0,0],"27":[0,0],"28":[0,0]},"f":{"1":2,"2":2,"3":2,"4":2,"5":2,"6":2,"7":3,"8":3,"9":3,"10":1,"11":6,"12":0},"fnMap":{"1":{"name":"(anonymous_1)","line":26,"loc":{"start":{"line":26,"column":1},"end":{"line":26,"column":13}}},"2":{"name":"(anonymous_2)","line":33,"loc":{"start":{"line":33,"column":5},"end":{"line":33,"column":17}}},"3":{"name":"(anonymous_3)","line":37,"loc":{"start":{"line":37,"column":24},"end":{"line":37,"column":36}}},"4":{"name":"(anonymous_4)","line":69,"loc":{"start":{"line":69,"column":31},"end":{"line":69,"column":48}},"skip":true},"5":{"name":"(anonymous_5)","line":78,"loc":{"start":{"line":78,"column":26},"end":{"line":78,"column":45}},"skip":true},"6":{"name":"(anonymous_6)","line":123,"loc":{"start":{"line":123,"column":33},"end":{"line":123,"column":48}},"skip":true},"7":{"name":"(anonymous_7)","line":125,"loc":{"start":{"line":125,"column":27},"end":{"line":125,"column":39}},"skip":true},"8":{"name":"(anonymous_8)","line":133,"loc":{"start":{"line":133,"column":59},"end":{"line":133,"column":74}},"skip":true},"9":{"name":"(anonymous_9)","line":143,"loc":{"start":{"line":143,"column":45},"end":{"line":143,"column":62}},"skip":true},"10":{"name":"(anonymous_10)","line":144,"loc":{"start":{"line":144,"column":73},"end":{"line":144,"column":92}},"skip":true},"11":{"name":"(anonymous_11)","line":272,"loc":{"start":{"line":272,"column":51},"end":{"line":272,"column":77}},"skip":true},"12":{"name":"(anonymous_12)","line":315,"loc":{"start":{"line":315,"column":32},"end":{"line":315,"column":61}},"skip":true}},"statementMap":{"1":{"start":{"line":26,"column":0},"end":{"line":326,"column":5}},"2":{"start":{"line":28,"column":4},"end":{"line":28,"column":14}},"3":{"start":{"line":33,"column":4},"end":{"line":60,"column":9}},"4":{"start":{"line":35,"column":8},"end":{"line":35,"column":19}},"5":{"start":{"line":37,"column":8},"end":{"line":49,"column":13}},"6":{"start":{"line":38,"column":12},"end":{"line":48,"column":13}},"7":{"start":{"line":39,"column":16},"end":{"line":42,"column":30}},"8":{"start":{"line":44,"column":16},"end":{"line":47,"column":27}},"9":{"start":{"line":51,"column":8},"end":{"line":53,"column":21}},"10":{"start":{"line":55,"column":8},"end":{"line":57,"column":45}},"11":{"start":{"line":59,"column":8},"end":{"line":59,"column":35}},"12":{"start":{"line":61,"column":4},"end":{"line":325,"column":5}},"13":{"start":{"line":69,"column":8},"end":{"line":121,"column":10},"skip":true},"14":{"start":{"line":70,"column":12},"end":{"line":88,"column":13},"skip":true},"15":{"start":{"line":76,"column":16},"end":{"line":87,"column":19},"skip":true},"16":{"start":{"line":79,"column":20},"end":{"line":86,"column":21},"skip":true},"17":{"start":{"line":82,"column":24},"end":{"line":82,"column":43},"skip":true},"18":{"start":{"line":83,"column":24},"end":{"line":83,"column":30},"skip":true},"19":{"start":{"line":85,"column":24},"end":{"line":85,"column":49},"skip":true},"20":{"start":{"line":89,"column":12},"end":{"line":107,"column":13},"skip":true},"21":{"start":{"line":92,"column":16},"end":{"line":102,"column":17},"skip":true},"22":{"start":{"line":93,"column":20},"end":{"line":93,"column":86},"skip":true},"23":{"start":{"line":94,"column":20},"end":{"line":95,"column":45},"skip":true},"24":{"start":{"line":96,"column":20},"end":{"line":96,"column":42},"skip":true},"25":{"start":{"line":97,"column":20},"end":{"line":97,"column":48},"skip":true},"26":{"start":{"line":100,"column":20},"end":{"line":100,"column":85},"skip":true},"27":{"start":{"line":101,"column":20},"end":{"line":101,"column":96},"skip":true},"28":{"start":{"line":103,"column":16},"end":{"line":103,"column":22},"skip":true},"29":{"start":{"line":106,"column":16},"end":{"line":106,"column":22},"skip":true},"30":{"start":{"line":108,"column":12},"end":{"line":120,"column":13},"skip":true},"31":{"start":{"line":114,"column":16},"end":{"line":119,"column":17},"skip":true},"32":{"start":{"line":116,"column":20},"end":{"line":116,"column":78},"skip":true},"33":{"start":{"line":118,"column":20},"end":{"line":118,"column":47},"skip":true},"34":{"start":{"line":123,"column":8},"end":{"line":141,"column":11},"skip":true},"35":{"start":{"line":124,"column":12},"end":{"line":124,"column":54},"skip":true},"36":{"start":{"line":125,"column":12},"end":{"line":140,"column":14},"skip":true},"37":{"start":{"line":126,"column":16},"end":{"line":126,"column":28},"skip":true},"38":{"start":{"line":127,"column":16},"end":{"line":127,"column":69},"skip":true},"39":{"start":{"line":128,"column":16},"end":{"line":128,"column":75},"skip":true},"40":{"start":{"line":129,"column":16},"end":{"line":131,"column":17},"skip":true},"41":{"start":{"line":130,"column":20},"end":{"line":130,"column":27},"skip":true},"42":{"start":{"line":133,"column":16},"end":{"line":137,"column":36},"skip":true},"43":{"start":{"line":134,"column":20},"end":{"line":136,"column":55},"skip":true},"44":{"start":{"line":139,"column":16},"end":{"line":139,"column":57},"skip":true},"45":{"start":{"line":143,"column":8},"end":{"line":147,"column":11},"skip":true},"46":{"start":{"line":144,"column":12},"end":{"line":146,"column":15},"skip":true},"47":{"start":{"line":145,"column":16},"end":{"line":145,"column":70},"skip":true},"48":{"start":{"line":149,"column":8},"end":{"line":149,"column":31},"skip":true},"49":{"start":{"line":150,"column":8},"end":{"line":150,"column":14},"skip":true},"50":{"start":{"line":158,"column":8},"end":{"line":158,"column":31},"skip":true},"51":{"start":{"line":160,"column":8},"end":{"line":160,"column":33},"skip":true},"52":{"start":{"line":161,"column":8},"end":{"line":161,"column":37},"skip":true},"53":{"start":{"line":162,"column":8},"end":{"line":162,"column":35},"skip":true},"54":{"start":{"line":164,"column":8},"end":{"line":164,"column":50},"skip":true},"55":{"start":{"line":166,"column":8},"end":{"line":256,"column":2},"skip":true},"56":{"start":{"line":258,"column":8},"end":{"line":286,"column":9},"skip":true},"57":{"start":{"line":259,"column":12},"end":{"line":269,"column":14},"skip":true},"58":{"start":{"line":271,"column":12},"end":{"line":285,"column":19},"skip":true},"59":{"start":{"line":274,"column":20},"end":{"line":274,"column":35},"skip":true},"60":{"start":{"line":275,"column":20},"end":{"line":284,"column":21},"skip":true},"61":{"start":{"line":277,"column":24},"end":{"line":277,"column":64},"skip":true},"62":{"start":{"line":279,"column":24},"end":{"line":279,"column":40},"skip":true},"63":{"start":{"line":281,"column":24},"end":{"line":281,"column":40},"skip":true},"64":{"start":{"line":283,"column":24},"end":{"line":283,"column":39},"skip":true},"65":{"start":{"line":288,"column":8},"end":{"line":290,"column":9},"skip":true},"66":{"start":{"line":289,"column":12},"end":{"line":289,"column":18},"skip":true},"67":{"start":{"line":291,"column":8},"end":{"line":293,"column":54},"skip":true},"68":{"start":{"line":296,"column":8},"end":{"line":301,"column":37},"skip":true},"69":{"start":{"line":303,"column":8},"end":{"line":303,"column":82},"skip":true},"70":{"start":{"line":306,"column":8},"end":{"line":308,"column":9},"skip":true},"71":{"start":{"line":307,"column":12},"end":{"line":307,"column":82},"skip":true},"72":{"start":{"line":310,"column":8},"end":{"line":312,"column":9},"skip":true},"73":{"start":{"line":311,"column":12},"end":{"line":311,"column":18},"skip":true},"74":{"start":{"line":313,"column":8},"end":{"line":313,"column":54},"skip":true},"75":{"start":{"line":314,"column":8},"end":{"line":314,"column":69},"skip":true},"76":{"start":{"line":315,"column":8},"end":{"line":323,"column":36},"skip":true},"77":{"start":{"line":316,"column":12},"end":{"line":316,"column":61},"skip":true},"78":{"start":{"line":317,"column":12},"end":{"line":320,"column":13},"skip":true},"79":{"start":{"line":318,"column":16},"end":{"line":318,"column":75},"skip":true},"80":{"start":{"line":319,"column":16},"end":{"line":319,"column":23},"skip":true},"81":{"start":{"line":321,"column":12},"end":{"line":321,"column":38},"skip":true},"82":{"start":{"line":322,"column":12},"end":{"line":322,"column":27},"skip":true},"83":{"start":{"line":324,"column":8},"end":{"line":324,"column":14},"skip":true}},"branchMap":{"1":{"line":39,"type":"binary-expr","locations":[{"start":{"line":39,"column":23},"end":{"line":39,"column":62}},{"start":{"line":40,"column":20},"end":{"line":40,"column":70}},{"start":{"line":41,"column":20},"end":{"line":41,"column":71}},{"start":{"line":42,"column":20},"end":{"line":42,"column":29}}]},"2":{"line":44,"type":"binary-expr","locations":[{"start":{"line":44,"column":23},"end":{"line":44,"column":37}},{"start":{"line":45,"column":20},"end":{"line":45,"column":61}},{"start":{"line":46,"column":20},"end":{"line":46,"column":70}},{"start":{"line":47,"column":20},"end":{"line":47,"column":26}}]},"3":{"line":51,"type":"cond-expr","locations":[{"start":{"line":52,"column":14},"end":{"line":52,"column":20}},{"start":{"line":53,"column":14},"end":{"line":53,"column":20}}]},"4":{"line":55,"type":"binary-expr","locations":[{"start":{"line":55,"column":16},"end":{"line":55,"column":44}},{"start":{"line":55,"column":49},"end":{"line":57,"column":43}}]},"5":{"line":55,"type":"cond-expr","locations":[{"start":{"line":56,"column":14},"end":{"line":56,"column":49}},{"start":{"line":57,"column":14},"end":{"line":57,"column":43}}]},"6":{"line":61,"type":"switch","locations":[{"start":{"line":68,"column":4},"end":{"line":150,"column":14},"skip":true},{"start":{"line":156,"column":4},"end":{"line":324,"column":14},"skip":true}]},"7":{"line":70,"type":"if","locations":[{"start":{"line":70,"column":12},"end":{"line":70,"column":12},"skip":true},{"start":{"line":70,"column":12},"end":{"line":70,"column":12},"skip":true}]},"8":{"line":70,"type":"binary-expr","locations":[{"start":{"line":70,"column":16},"end":{"line":70,"column":22},"skip":true},{"start":{"line":70,"column":27},"end":{"line":70,"column":32},"skip":true},{"start":{"line":71,"column":20},"end":{"line":71,"column":39},"skip":true},{"start":{"line":72,"column":20},"end":{"line":72,"column":49},"skip":true},{"start":{"line":73,"column":20},"end":{"line":73,"column":58},"skip":true},{"start":{"line":74,"column":20},"end":{"line":74,"column":69},"skip":true}]},"9":{"line":79,"type":"switch","locations":[{"start":{"line":80,"column":20},"end":{"line":80,"column":33},"skip":true},{"start":{"line":81,"column":20},"end":{"line":83,"column":30},"skip":true},{"start":{"line":84,"column":20},"end":{"line":85,"column":49},"skip":true}]},"10":{"line":89,"type":"switch","locations":[{"start":{"line":90,"column":12},"end":{"line":103,"column":22},"skip":true},{"start":{"line":105,"column":12},"end":{"line":106,"column":22},"skip":true}]},"11":{"line":89,"type":"binary-expr","locations":[{"start":{"line":89,"column":20},"end":{"line":89,"column":25},"skip":true},{"start":{"line":89,"column":29},"end":{"line":89,"column":48},"skip":true},{"start":{"line":89,"column":52},"end":{"line":89,"column":74},"skip":true}]},"12":{"line":92,"type":"if","locations":[{"start":{"line":92,"column":16},"end":{"line":92,"column":16},"skip":true},{"start":{"line":92,"column":16},"end":{"line":92,"column":16},"skip":true}]},"13":{"line":108,"type":"if","locations":[{"start":{"line":108,"column":12},"end":{"line":108,"column":12},"skip":true},{"start":{"line":108,"column":12},"end":{"line":108,"column":12},"skip":true}]},"14":{"line":108,"type":"binary-expr","locations":[{"start":{"line":108,"column":16},"end":{"line":108,"column":61},"skip":true},{"start":{"line":108,"column":66},"end":{"line":108,"column":72},"skip":true},{"start":{"line":108,"column":77},"end":{"line":108,"column":82},"skip":true},{"start":{"line":109,"column":20},"end":{"line":109,"column":39},"skip":true},{"start":{"line":110,"column":20},"end":{"line":110,"column":49},"skip":true},{"start":{"line":111,"column":20},"end":{"line":111,"column":58},"skip":true},{"start":{"line":112,"column":20},"end":{"line":112,"column":68},"skip":true}]},"15":{"line":129,"type":"if","locations":[{"start":{"line":129,"column":16},"end":{"line":129,"column":16},"skip":true},{"start":{"line":129,"column":16},"end":{"line":129,"column":16},"skip":true}]},"16":{"line":134,"type":"cond-expr","locations":[{"start":{"line":135,"column":26},"end":{"line":135,"column":29},"skip":true},{"start":{"line":136,"column":26},"end":{"line":136,"column":54},"skip":true}]},"17":{"line":164,"type":"binary-expr","locations":[{"start":{"line":164,"column":27},"end":{"line":164,"column":43},"skip":true},{"start":{"line":164,"column":47},"end":{"line":164,"column":49},"skip":true}]},"18":{"line":258,"type":"if","locations":[{"start":{"line":258,"column":8},"end":{"line":258,"column":8},"skip":true},{"start":{"line":258,"column":8},"end":{"line":258,"column":8},"skip":true}]},"19":{"line":275,"type":"switch","locations":[{"start":{"line":276,"column":20},"end":{"line":277,"column":64},"skip":true},{"start":{"line":278,"column":20},"end":{"line":279,"column":40},"skip":true},{"start":{"line":280,"column":20},"end":{"line":281,"column":40},"skip":true},{"start":{"line":282,"column":20},"end":{"line":283,"column":39},"skip":true}]},"20":{"line":288,"type":"if","locations":[{"start":{"line":288,"column":8},"end":{"line":288,"column":8},"skip":true},{"start":{"line":288,"column":8},"end":{"line":288,"column":8},"skip":true}]},"21":{"line":288,"type":"binary-expr","locations":[{"start":{"line":288,"column":12},"end":{"line":288,"column":40},"skip":true},{"start":{"line":288,"column":44},"end":{"line":288,"column":67},"skip":true}]},"22":{"line":292,"type":"binary-expr","locations":[{"start":{"line":292,"column":12},"end":{"line":292,"column":50},"skip":true},{"start":{"line":293,"column":12},"end":{"line":293,"column":53},"skip":true}]},"23":{"line":297,"type":"binary-expr","locations":[{"start":{"line":297,"column":12},"end":{"line":297,"column":63},"skip":true},{"start":{"line":298,"column":12},"end":{"line":301,"column":36},"skip":true}]},"24":{"line":303,"type":"binary-expr","locations":[{"start":{"line":303,"column":43},"end":{"line":303,"column":75},"skip":true},{"start":{"line":303,"column":79},"end":{"line":303,"column":81},"skip":true}]},"25":{"line":306,"type":"if","locations":[{"start":{"line":306,"column":8},"end":{"line":306,"column":8},"skip":true},{"start":{"line":306,"column":8},"end":{"line":306,"column":8},"skip":true}]},"26":{"line":310,"type":"if","locations":[{"start":{"line":310,"column":8},"end":{"line":310,"column":8},"skip":true},{"start":{"line":310,"column":8},"end":{"line":310,"column":8},"skip":true}]},"27":{"line":313,"type":"binary-expr","locations":[{"start":{"line":313,"column":27},"end":{"line":313,"column":43},"skip":true},{"start":{"line":313,"column":47},"end":{"line":313,"column":53},"skip":true}]},"28":{"line":317,"type":"if","locations":[{"start":{"line":317,"column":12},"end":{"line":317,"column":12},"skip":true},{"start":{"line":317,"column":12},"end":{"line":317,"column":12},"skip":true}]}},"code":["/*","example.js","","quickstart example","","instruction","    1. save this script as example.js","    2. run the shell command:","        $ npm install npmtest-jscpd && PORT=8081 node example.js","    3. play with the browser-demo on http://127.0.0.1:8081","*/","","","","/* istanbul instrument in package npmtest_jscpd */","/*jslint","    bitwise: true,","    browser: true,","    maxerr: 8,","    maxlen: 96,","    node: true,","    nomen: true,","    regexp: true,","    stupid: true","*/","(function () {","    'use strict';","    var local;","","","","    // run shared js-env code - pre-init","    (function () {","        // init local","        local = {};","        // init modeJs","        local.modeJs = (function () {","            try {","                return typeof navigator.userAgent === 'string' &&","                    typeof document.querySelector('body') === 'object' &&","                    typeof XMLHttpRequest.prototype.open === 'function' &&","                    'browser';","            } catch (errorCaughtBrowser) {","                return module.exports &&","                    typeof process.versions.node === 'string' &&","                    typeof require('http').createServer === 'function' &&","                    'node';","            }","        }());","        // init global","        local.global = local.modeJs === 'browser'","            ? window","            : global;","        // init utility2_rollup","        local = local.global.utility2_rollup || (local.modeJs === 'browser'","            ? local.global.utility2_npmtest_jscpd","            : global.utility2_moduleExports);","        // export local","        local.global.local = local;","    }());","    switch (local.modeJs) {","","","","    // post-init","    // run browser js-env code - post-init","    /* istanbul ignore next */","    case 'browser':","        local.testRunBrowser = function (event) {","            if (!event || (event &&","                    event.currentTarget &&","                    event.currentTarget.className &&","                    event.currentTarget.className.includes &&","                    event.currentTarget.className.includes('onreset'))) {","                // reset output","                Array.from(","                    document.querySelectorAll('body > .resettable')","                ).forEach(function (element) {","                    switch (element.tagName) {","                    case 'INPUT':","                    case 'TEXTAREA':","                        element.value = '';","                        break;","                    default:","                        element.textContent = '';","                    }","                });","            }","            switch (event && event.currentTarget && event.currentTarget.id) {","            case 'testRunButton1':","                // show tests","                if (document.querySelector('#testReportDiv1').style.display === 'none') {","                    document.querySelector('#testReportDiv1').style.display = 'block';","                    document.querySelector('#testRunButton1').textContent =","                        'hide internal test';","                    local.modeTest = true;","                    local.testRunDefault(local);","                // hide tests","                } else {","                    document.querySelector('#testReportDiv1').style.display = 'none';","                    document.querySelector('#testRunButton1').textContent = 'run internal test';","                }","                break;","            // custom-case","            default:","                break;","            }","            if (document.querySelector('#inputTextareaEval1') && (!event || (event &&","                    event.currentTarget &&","                    event.currentTarget.className &&","                    event.currentTarget.className.includes &&","                    event.currentTarget.className.includes('oneval')))) {","                // try to eval input-code","                try {","                    /*jslint evil: true*/","                    eval(document.querySelector('#inputTextareaEval1').value);","                } catch (errorCaught) {","                    console.error(errorCaught);","                }","            }","        };","        // log stderr and stdout to #outputTextareaStdout1","        ['error', 'log'].forEach(function (key) {","            console[key + '_original'] = console[key];","            console[key] = function () {","                var element;","                console[key + '_original'].apply(console, arguments);","                element = document.querySelector('#outputTextareaStdout1');","                if (!element) {","                    return;","                }","                // append text to #outputTextareaStdout1","                element.value += Array.from(arguments).map(function (arg) {","                    return typeof arg === 'string'","                        ? arg","                        : JSON.stringify(arg, null, 4);","                }).join(' ') + '\\n';","                // scroll textarea to bottom","                element.scrollTop = element.scrollHeight;","            };","        });","        // init event-handling","        ['change', 'click', 'keyup'].forEach(function (event) {","            Array.from(document.querySelectorAll('.on' + event)).forEach(function (element) {","                element.addEventListener(event, local.testRunBrowser);","            });","        });","        // run tests","        local.testRunBrowser();","        break;","","","","    // run node js-env code - post-init","    /* istanbul ignore next */","    case 'node':","        // export local","        module.exports = local;","        // require modules","        local.fs = require('fs');","        local.http = require('http');","        local.url = require('url');","        // init assets","        local.assetsDict = local.assetsDict || {};","        /* jslint-ignore-begin */","        local.assetsDict['/assets.index.template.html'] = '\\","<!doctype html>\\n\\","<html lang=\"en\">\\n\\","<head>\\n\\","<meta charset=\"UTF-8\">\\n\\","<meta name=\"viewport\" content=\"width=device-width, initial-scale=1\">\\n\\","<title>{{env.npm_package_name}} (v{{env.npm_package_version}})</title>\\n\\","<style>\\n\\","/*csslint\\n\\","    box-sizing: false,\\n\\","    universal-selector: false\\n\\","*/\\n\\","* {\\n\\","    box-sizing: border-box;\\n\\","}\\n\\","body {\\n\\","    background: #dde;\\n\\","    font-family: Arial, Helvetica, sans-serif;\\n\\","    margin: 2rem;\\n\\","}\\n\\","body > * {\\n\\","    margin-bottom: 1rem;\\n\\","}\\n\\",".utility2FooterDiv {\\n\\","    margin-top: 20px;\\n\\","    text-align: center;\\n\\","}\\n\\","</style>\\n\\","<style>\\n\\","/*csslint\\n\\","*/\\n\\","textarea {\\n\\","    font-family: monospace;\\n\\","    height: 10rem;\\n\\","    width: 100%;\\n\\","}\\n\\","textarea[readonly] {\\n\\","    background: #ddd;\\n\\","}\\n\\","</style>\\n\\","</head>\\n\\","<body>\\n\\","<!-- utility2-comment\\n\\","<div id=\"ajaxProgressDiv1\" style=\"background: #d00; height: 2px; left: 0; margin: 0; padding: 0; position: fixed; top: 0; transition: background 0.5s, width 1.5s; width: 25%;\"></div>\\n\\","utility2-comment -->\\n\\","<h1>\\n\\","<!-- utility2-comment\\n\\","    <a\\n\\","        {{#if env.npm_package_homepage}}\\n\\","        href=\"{{env.npm_package_homepage}}\"\\n\\","        {{/if env.npm_package_homepage}}\\n\\","        target=\"_blank\"\\n\\","    >\\n\\","utility2-comment -->\\n\\","        {{env.npm_package_name}} (v{{env.npm_package_version}})\\n\\","<!-- utility2-comment\\n\\","    </a>\\n\\","utility2-comment -->\\n\\","</h1>\\n\\","<h3>{{env.npm_package_description}}</h3>\\n\\","<!-- utility2-comment\\n\\","<h4><a download href=\"assets.app.js\">download standalone app</a></h4>\\n\\","<button class=\"onclick onreset\" id=\"testRunButton1\">run internal test</button><br>\\n\\","<div id=\"testReportDiv1\" style=\"display: none;\"></div>\\n\\","utility2-comment -->\\n\\","\\n\\","\\n\\","\\n\\","<label>stderr and stdout</label>\\n\\","<textarea class=\"resettable\" id=\"outputTextareaStdout1\" readonly></textarea>\\n\\","<!-- utility2-comment\\n\\","{{#if isRollup}}\\n\\","<script src=\"assets.app.js\"></script>\\n\\","{{#unless isRollup}}\\n\\","utility2-comment -->\\n\\","<script src=\"assets.utility2.rollup.js\"></script>\\n\\","<script src=\"jsonp.utility2._stateInit?callback=window.utility2._stateInit\"></script>\\n\\","<script src=\"assets.npmtest_jscpd.rollup.js\"></script>\\n\\","<script src=\"assets.example.js\"></script>\\n\\","<script src=\"assets.test.js\"></script>\\n\\","<!-- utility2-comment\\n\\","{{/if isRollup}}\\n\\","utility2-comment -->\\n\\","<div class=\"utility2FooterDiv\">\\n\\","    [ this app was created with\\n\\","    <a href=\"https://github.com/kaizhu256/node-utility2\" target=\"_blank\">utility2</a>\\n\\","    ]\\n\\","</div>\\n\\","</body>\\n\\","</html>\\n\\","';","        /* jslint-ignore-end */","        if (local.templateRender) {","            local.assetsDict['/'] = local.templateRender(","                local.assetsDict['/assets.index.template.html'],","                {","                    env: local.objectSetDefault(local.env, {","                        npm_package_description: 'the greatest app in the world!',","                        npm_package_name: 'my-app',","                        npm_package_nameAlias: 'my_app',","                        npm_package_version: '0.0.1'","                    })","                }","            );","        } else {","            local.assetsDict['/'] = local.assetsDict['/assets.index.template.html']","                .replace((/\\{\\{env\\.(\\w+?)\\}\\}/g), function (match0, match1) {","                    // jslint-hack","                    String(match0);","                    switch (match1) {","                    case 'npm_package_description':","                        return 'the greatest app in the world!';","                    case 'npm_package_name':","                        return 'my-app';","                    case 'npm_package_nameAlias':","                        return 'my_app';","                    case 'npm_package_version':","                        return '0.0.1';","                    }","                });","        }","        // run the cli","        if (local.global.utility2_rollup || module !== require.main) {","            break;","        }","        local.assetsDict['/assets.example.js'] =","            local.assetsDict['/assets.example.js'] ||","            local.fs.readFileSync(__filename, 'utf8');","        // bug-workaround - long $npm_package_buildCustomOrg","        /* jslint-ignore-begin */","        local.assetsDict['/assets.npmtest_jscpd.rollup.js'] =","            local.assetsDict['/assets.npmtest_jscpd.rollup.js'] ||","            local.fs.readFileSync(","                local.npmtest_jscpd.__dirname + '/lib.npmtest_jscpd.js',","                'utf8'","            ).replace((/^#!/), '//');","        /* jslint-ignore-end */","        local.assetsDict['/favicon.ico'] = local.assetsDict['/favicon.ico'] || '';","        // if $npm_config_timeout_exit exists,","        // then exit this process after $npm_config_timeout_exit ms","        if (Number(process.env.npm_config_timeout_exit)) {","            setTimeout(process.exit, Number(process.env.npm_config_timeout_exit));","        }","        // start server","        if (local.global.utility2_serverHttp1) {","            break;","        }","        process.env.PORT = process.env.PORT || '8081';","        console.error('server starting on port ' + process.env.PORT);","        local.http.createServer(function (request, response) {","            request.urlParsed = local.url.parse(request.url);","            if (local.assetsDict[request.urlParsed.pathname] !== undefined) {","                response.end(local.assetsDict[request.urlParsed.pathname]);","                return;","            }","            response.statusCode = 404;","            response.end();","        }).listen(process.env.PORT);","        break;","    }","}());",""],"l":{"26":2,"28":2,"33":2,"35":2,"37":2,"38":2,"39":2,"44":1,"51":2,"55":2,"59":2,"61":2,"69":1,"70":2,"76":2,"79":2,"82":2,"83":2,"85":1,"89":2,"92":1,"93":1,"94":1,"96":1,"97":1,"100":1,"101":1,"103":1,"106":1,"108":2,"114":1,"116":1,"118":1,"123":1,"124":2,"125":2,"126":3,"127":3,"128":3,"129":3,"130":1,"133":3,"134":3,"139":3,"143":1,"144":3,"145":1,"149":1,"150":1,"158":1,"160":1,"161":1,"162":1,"164":1,"166":1,"258":1,"259":1,"271":1,"274":6,"275":6,"277":1,"279":2,"281":1,"283":2,"288":1,"289":1,"291":1,"296":1,"303":1,"306":1,"307":1,"310":1,"311":1,"313":1,"314":1,"315":1,"316":1,"317":1,"318":1,"319":1,"321":1,"322":1,"324":1}},"/home/travis/build/npmtest/node-npmtest-jscpd/node_modules/jscpd/index.js":{"path":"/home/travis/build/npmtest/node-npmtest-jscpd/node_modules/jscpd/index.js","s":{"1":1,"2":1},"b":{},"f":{},"fnMap":{},"statementMap":{"1":{"start":{"line":1,"column":0},"end":{"line":1,"column":35}},"2":{"start":{"line":2,"column":0},"end":{"line":2,"column":33}}},"branchMap":{},"code":["var jscpd = require('./lib/jscpd');","exports = module.exports = jscpd;",""],"l":{"1":1,"2":1}},"/home/travis/build/npmtest/node-npmtest-jscpd/node_modules/jscpd/lib/jscpd.js":{"path":"/home/travis/build/npmtest/node-npmtest-jscpd/node_modules/jscpd/lib/jscpd.js","s":{"1":1,"2":1,"3":1,"4":1,"5":1,"6":1,"7":1,"8":1,"9":1,"10":1,"11":1,"12":1,"13":1,"14":1,"15":1,"16":1,"17":1,"18":1,"19":3,"20":3,"21":1,"22":1,"23":1,"24":1,"25":1,"26":1,"27":1,"28":1,"29":1,"30":1,"31":1,"32":1,"33":1,"34":1,"35":1,"36":1,"37":1,"38":1,"39":1,"40":1,"41":1,"42":1,"43":1,"44":1,"45":1,"46":1,"47":0,"48":0,"49":0,"50":0,"51":0,"52":0,"53":0,"54":0,"55":1,"56":1,"57":1},"b":{"1":[1,0],"2":[1,0],"3":[0,1]},"f":{"1":1,"2":1,"3":1,"4":1,"5":1,"6":1,"7":1,"8":0},"fnMap":{"1":{"name":"(anonymous_1)","line":2,"loc":{"start":{"line":2,"column":1},"end":{"line":2,"column":12}}},"2":{"name":"(anonymous_2)","line":21,"loc":{"start":{"line":21,"column":11},"end":{"line":21,"column":22}}},"3":{"name":"JsCpd","line":22,"loc":{"start":{"line":22,"column":4},"end":{"line":22,"column":21}}},"4":{"name":"(anonymous_4)","line":28,"loc":{"start":{"line":28,"column":40},"end":{"line":28,"column":55}}},"5":{"name":"(anonymous_5)","line":38,"loc":{"start":{"line":38,"column":26},"end":{"line":38,"column":44}}},"6":{"name":"(anonymous_6)","line":55,"loc":{"start":{"line":55,"column":26},"end":{"line":55,"column":42}}},"7":{"name":"(anonymous_7)","line":56,"loc":{"start":{"line":56,"column":17},"end":{"line":56,"column":28}}},"8":{"name":"(anonymous_8)","line":69,"loc":{"start":{"line":69,"column":30},"end":{"line":69,"column":41}}}},"statementMap":{"1":{"start":{"line":2,"column":0},"end":{"line":91,"column":14}},"2":{"start":{"line":3,"column":2},"end":{"line":3,"column":116}},"3":{"start":{"line":5,"column":2},"end":{"line":5,"column":30}},"4":{"start":{"line":7,"column":2},"end":{"line":7,"column":44}},"5":{"start":{"line":9,"column":2},"end":{"line":9,"column":44}},"6":{"start":{"line":11,"column":2},"end":{"line":11,"column":38}},"7":{"start":{"line":13,"column":2},"end":{"line":13,"column":59}},"8":{"start":{"line":15,"column":2},"end":{"line":15,"column":55}},"9":{"start":{"line":17,"column":2},"end":{"line":17,"column":55}},"10":{"start":{"line":19,"column":2},"end":{"line":19,"column":32}},"11":{"start":{"line":21,"column":2},"end":{"line":87,"column":7}},"12":{"start":{"line":22,"column":4},"end":{"line":22,"column":23}},"13":{"start":{"line":24,"column":4},"end":{"line":24,"column":96}},"14":{"start":{"line":26,"column":4},"end":{"line":26,"column":35}},"15":{"start":{"line":28,"column":4},"end":{"line":36,"column":6}},"16":{"start":{"line":29,"column":6},"end":{"line":29,"column":31}},"17":{"start":{"line":30,"column":6},"end":{"line":30,"column":52}},"18":{"start":{"line":31,"column":6},"end":{"line":34,"column":7}},"19":{"start":{"line":32,"column":8},"end":{"line":32,"column":31}},"20":{"start":{"line":33,"column":8},"end":{"line":33,"column":27}},"21":{"start":{"line":35,"column":6},"end":{"line":35,"column":59}},"22":{"start":{"line":38,"column":4},"end":{"line":83,"column":6}},"23":{"start":{"line":39,"column":6},"end":{"line":39,"column":69}},"24":{"start":{"line":40,"column":6},"end":{"line":40,"column":29}},"25":{"start":{"line":41,"column":6},"end":{"line":41,"column":49}},"26":{"start":{"line":42,"column":6},"end":{"line":82,"column":7}},"27":{"start":{"line":43,"column":8},"end":{"line":43,"column":56}},"28":{"start":{"line":44,"column":8},"end":{"line":46,"column":9}},"29":{"start":{"line":45,"column":10},"end":{"line":45,"column":100}},"30":{"start":{"line":47,"column":8},"end":{"line":47,"column":46}},"31":{"start":{"line":48,"column":8},"end":{"line":48,"column":42}},"32":{"start":{"line":49,"column":8},"end":{"line":49,"column":42}},"33":{"start":{"line":50,"column":8},"end":{"line":50,"column":116}},"34":{"start":{"line":51,"column":8},"end":{"line":51,"column":56}},"35":{"start":{"line":52,"column":8},"end":{"line":52,"column":43}},"36":{"start":{"line":53,"column":8},"end":{"line":53,"column":48}},"37":{"start":{"line":54,"column":8},"end":{"line":54,"column":52}},"38":{"start":{"line":55,"column":8},"end":{"line":67,"column":17}},"39":{"start":{"line":56,"column":10},"end":{"line":66,"column":12}},"40":{"start":{"line":57,"column":12},"end":{"line":57,"column":29}},"41":{"start":{"line":58,"column":12},"end":{"line":58,"column":52}},"42":{"start":{"line":59,"column":12},"end":{"line":59,"column":52}},"43":{"start":{"line":60,"column":12},"end":{"line":60,"column":40}},"44":{"start":{"line":61,"column":12},"end":{"line":61,"column":32}},"45":{"start":{"line":62,"column":12},"end":{"line":65,"column":14}},"46":{"start":{"line":68,"column":8},"end":{"line":81,"column":9}},"47":{"start":{"line":69,"column":10},"end":{"line":78,"column":59}},"48":{"start":{"line":70,"column":12},"end":{"line":70,"column":37}},"49":{"start":{"line":71,"column":12},"end":{"line":71,"column":33}},"50":{"start":{"line":72,"column":12},"end":{"line":72,"column":25}},"51":{"start":{"line":73,"column":12},"end":{"line":76,"column":13}},"52":{"start":{"line":74,"column":14},"end":{"line":74,"column":29}},"53":{"start":{"line":75,"column":14},"end":{"line":75,"column":42}},"54":{"start":{"line":77,"column":12},"end":{"line":77,"column":27}},"55":{"start":{"line":80,"column":10},"end":{"line":80,"column":34}},"56":{"start":{"line":85,"column":4},"end":{"line":85,"column":17}},"57":{"start":{"line":89,"column":2},"end":{"line":89,"column":25}}},"branchMap":{"1":{"line":42,"type":"if","locations":[{"start":{"line":42,"column":6},"end":{"line":42,"column":6}},{"start":{"line":42,"column":6},"end":{"line":42,"column":6}}]},"2":{"line":44,"type":"if","locations":[{"start":{"line":44,"column":8},"end":{"line":44,"column":8}},{"start":{"line":44,"column":8},"end":{"line":44,"column":8}}]},"3":{"line":68,"type":"if","locations":[{"start":{"line":68,"column":8},"end":{"line":68,"column":8}},{"start":{"line":68,"column":8},"end":{"line":68,"column":8}}]}},"code":["// Generated by CoffeeScript 1.12.2","(function() {","  var Detector, JsCpd, Promise, Report, Strategy, debugPreprocessor, filesPreprocessor, logger, optionsPreprocessor;","","  logger = require('winston');","","  Detector = require('./detector').Detector;","","  Strategy = require('./strategy').Strategy;","","  Report = require('./report').Report;","","  optionsPreprocessor = require('./preprocessors/options');","","  filesPreprocessor = require('./preprocessors/files');","","  debugPreprocessor = require('./preprocessors/debug');","","  Promise = require(\"bluebird\");","","  JsCpd = (function() {","    function JsCpd() {}","","    JsCpd.prototype.preProcessors = [optionsPreprocessor, filesPreprocessor, debugPreprocessor];","","    JsCpd.prototype.LANGUAGES = [];","","    JsCpd.prototype.execPreProcessors = function(list) {","      var i, len, preProcessor;","      logger.profile('Preprocessors running time:');","      for (i = 0, len = list.length; i < len; i++) {","        preProcessor = list[i];","        preProcessor(this);","      }","      return logger.profile('Preprocessors running time:');","    };","","    JsCpd.prototype.run = function(options) {","      var clone, codeMap, detector, generateReport, report, strategy;","      this.options = options;","      this.execPreProcessors(this.preProcessors);","      if (!this.options.debug) {","        logger.profile('Scanning for duplicates time:');","        if (this.options.selectedFiles.length) {","          logger.info(\"Scanning \" + this.options.selectedFiles.length + \" files for duplicates...\");","        }","        strategy = new Strategy(this.options);","        detector = new Detector(strategy);","        report = new Report(this.options);","        codeMap = detector.start(this.options.selectedFiles, this.options['min-lines'], this.options['min-tokens']);","        logger.profile('Scanning for duplicates time:');","        logger.info('Scanning... done!\\n');","        logger.profile('Generate report time:');","        logger.info('Start report generation...\\n');","        generateReport = (function(_this) {","          return function() {","            var reportResult;","            reportResult = report.generate(codeMap);","            logger.profile('Generate report time:');","            _this.report = reportResult;","            _this.map = codeMap;","            return {","              report: _this.report,","              map: _this.map","            };","          };","        })(this);","        if (this.options.blame) {","          return Promise.all((function() {","            var i, len, ref, results;","            ref = codeMap.clones;","            results = [];","            for (i = 0, len = ref.length; i < len; i++) {","              clone = ref[i];","              results.push(clone.blame());","            }","            return results;","          })()).then(generateReport).error(generateReport);","        } else {","          return generateReport();","        }","      }","    };","","    return JsCpd;","","  })();","","  module.exports = JsCpd;","","}).call(this);",""],"l":{"2":1,"3":1,"5":1,"7":1,"9":1,"11":1,"13":1,"15":1,"17":1,"19":1,"21":1,"22":1,"24":1,"26":1,"28":1,"29":1,"30":1,"31":1,"32":3,"33":3,"35":1,"38":1,"39":1,"40":1,"41":1,"42":1,"43":1,"44":1,"45":1,"47":1,"48":1,"49":1,"50":1,"51":1,"52":1,"53":1,"54":1,"55":1,"56":1,"57":1,"58":1,"59":1,"60":1,"61":1,"62":1,"68":1,"69":0,"70":0,"71":0,"72":0,"73":0,"74":0,"75":0,"77":0,"80":1,"85":1,"89":1}},"/home/travis/build/npmtest/node-npmtest-jscpd/node_modules/jscpd/lib/detector.js":{"path":"/home/travis/build/npmtest/node-npmtest-jscpd/node_modules/jscpd/lib/detector.js","s":{"1":1,"2":1,"3":1,"4":1,"5":1,"6":1,"7":1,"8":1,"9":1,"10":0,"11":1,"12":0,"13":1,"14":0,"15":1,"16":1,"17":1831,"18":1831,"19":1,"20":1,"21":1},"b":{"1":[0,1],"2":[0,1],"3":[0,1]},"f":{"1":1,"2":1,"3":1,"4":1},"fnMap":{"1":{"name":"(anonymous_1)","line":2,"loc":{"start":{"line":2,"column":1},"end":{"line":2,"column":12}}},"2":{"name":"(anonymous_2)","line":7,"loc":{"start":{"line":7,"column":14},"end":{"line":7,"column":25}}},"3":{"name":"Detector","line":8,"loc":{"start":{"line":8,"column":4},"end":{"line":8,"column":32}}},"4":{"name":"(anonymous_4)","line":12,"loc":{"start":{"line":12,"column":31},"end":{"line":12,"column":68}}}},"statementMap":{"1":{"start":{"line":2,"column":0},"end":{"line":37,"column":14}},"2":{"start":{"line":3,"column":2},"end":{"line":3,"column":20}},"3":{"start":{"line":5,"column":2},"end":{"line":5,"column":29}},"4":{"start":{"line":7,"column":2},"end":{"line":33,"column":7}},"5":{"start":{"line":8,"column":4},"end":{"line":10,"column":5}},"6":{"start":{"line":9,"column":6},"end":{"line":9,"column":31}},"7":{"start":{"line":12,"column":4},"end":{"line":29,"column":6}},"8":{"start":{"line":13,"column":6},"end":{"line":13,"column":28}},"9":{"start":{"line":14,"column":6},"end":{"line":16,"column":7}},"10":{"start":{"line":15,"column":8},"end":{"line":15,"column":19}},"11":{"start":{"line":17,"column":6},"end":{"line":19,"column":7}},"12":{"start":{"line":18,"column":8},"end":{"line":18,"column":21}},"13":{"start":{"line":20,"column":6},"end":{"line":22,"column":7}},"14":{"start":{"line":21,"column":8},"end":{"line":21,"column":23}},"15":{"start":{"line":23,"column":6},"end":{"line":23,"column":22}},"16":{"start":{"line":24,"column":6},"end":{"line":27,"column":7}},"17":{"start":{"line":25,"column":8},"end":{"line":25,"column":24}},"18":{"start":{"line":26,"column":8},"end":{"line":26,"column":61}},"19":{"start":{"line":28,"column":6},"end":{"line":28,"column":17}},"20":{"start":{"line":31,"column":4},"end":{"line":31,"column":20}},"21":{"start":{"line":35,"column":2},"end":{"line":35,"column":30}}},"branchMap":{"1":{"line":14,"type":"if","locations":[{"start":{"line":14,"column":6},"end":{"line":14,"column":6}},{"start":{"line":14,"column":6},"end":{"line":14,"column":6}}]},"2":{"line":17,"type":"if","locations":[{"start":{"line":17,"column":6},"end":{"line":17,"column":6}},{"start":{"line":17,"column":6},"end":{"line":17,"column":6}}]},"3":{"line":20,"type":"if","locations":[{"start":{"line":20,"column":6},"end":{"line":20,"column":6}},{"start":{"line":20,"column":6},"end":{"line":20,"column":6}}]}},"code":["// Generated by CoffeeScript 1.12.2","(function() {","  var Detector, Map;","","  Map = require('./map').Map;","","  Detector = (function() {","    function Detector(strategy) {","      this.strategy = strategy;","    }","","    Detector.prototype.start = function(files, minLines, minTokens) {","      var file, i, len, map;","      if (files == null) {","        files = [];","      }","      if (minLines == null) {","        minLines = 5;","      }","      if (minTokens == null) {","        minTokens = 70;","      }","      map = new Map();","      for (i = 0, len = files.length; i < len; i++) {","        file = files[i];","        this.strategy.detect(map, file, minLines, minTokens);","      }","      return map;","    };","","    return Detector;","","  })();","","  exports.Detector = Detector;","","}).call(this);",""],"l":{"2":1,"3":1,"5":1,"7":1,"8":1,"9":1,"12":1,"13":1,"14":1,"15":0,"17":1,"18":0,"20":1,"21":0,"23":1,"24":1,"25":1831,"26":1831,"28":1,"31":1,"35":1}},"/home/travis/build/npmtest/node-npmtest-jscpd/node_modules/jscpd/lib/map.js":{"path":"/home/travis/build/npmtest/node-npmtest-jscpd/node_modules/jscpd/lib/map.js","s":{"1":1,"2":1,"3":1,"4":1,"5":1,"6":1,"7":1,"8":1,"9":1,"10":1,"11":718,"12":718,"13":718,"14":616,"15":102,"16":102,"17":718,"18":417,"19":301,"20":301,"21":1,"22":1,"23":1,"24":1,"25":1,"26":1,"27":1,"28":1},"b":{"1":[616,102],"2":[417,301],"3":[1,0]},"f":{"1":1,"2":1,"3":1,"4":718,"5":1},"fnMap":{"1":{"name":"(anonymous_1)","line":2,"loc":{"start":{"line":2,"column":1},"end":{"line":2,"column":12}}},"2":{"name":"(anonymous_2)","line":5,"loc":{"start":{"line":5,"column":9},"end":{"line":5,"column":20}}},"3":{"name":"Map","line":6,"loc":{"start":{"line":6,"column":4},"end":{"line":6,"column":19}}},"4":{"name":"(anonymous_4)","line":14,"loc":{"start":{"line":14,"column":29},"end":{"line":14,"column":45}}},"5":{"name":"(anonymous_5)","line":31,"loc":{"start":{"line":31,"column":34},"end":{"line":31,"column":45}}}},"statementMap":{"1":{"start":{"line":2,"column":0},"end":{"line":46,"column":14}},"2":{"start":{"line":3,"column":2},"end":{"line":3,"column":10}},"3":{"start":{"line":5,"column":2},"end":{"line":42,"column":7}},"4":{"start":{"line":6,"column":4},"end":{"line":12,"column":5}},"5":{"start":{"line":7,"column":6},"end":{"line":7,"column":23}},"6":{"start":{"line":8,"column":6},"end":{"line":8,"column":29}},"7":{"start":{"line":9,"column":6},"end":{"line":9,"column":35}},"8":{"start":{"line":10,"column":6},"end":{"line":10,"column":29}},"9":{"start":{"line":11,"column":6},"end":{"line":11,"column":29}},"10":{"start":{"line":14,"column":4},"end":{"line":29,"column":6}},"11":{"start":{"line":15,"column":6},"end":{"line":15,"column":30}},"12":{"start":{"line":16,"column":6},"end":{"line":16,"column":77}},"13":{"start":{"line":17,"column":6},"end":{"line":22,"column":7}},"14":{"start":{"line":18,"column":8},"end":{"line":18,"column":65}},"15":{"start":{"line":20,"column":8},"end":{"line":20,"column":63}},"16":{"start":{"line":21,"column":8},"end":{"line":21,"column":29}},"17":{"start":{"line":23,"column":6},"end":{"line":28,"column":7}},"18":{"start":{"line":24,"column":8},"end":{"line":24,"column":63}},"19":{"start":{"line":26,"column":8},"end":{"line":26,"column":54}},"20":{"start":{"line":27,"column":8},"end":{"line":27,"column":36}},"21":{"start":{"line":31,"column":4},"end":{"line":38,"column":6}},"22":{"start":{"line":32,"column":6},"end":{"line":32,"column":17}},"23":{"start":{"line":33,"column":6},"end":{"line":33,"column":17}},"24":{"start":{"line":34,"column":6},"end":{"line":36,"column":7}},"25":{"start":{"line":35,"column":8},"end":{"line":35,"column":69}},"26":{"start":{"line":37,"column":6},"end":{"line":37,"column":31}},"27":{"start":{"line":40,"column":4},"end":{"line":40,"column":15}},"28":{"start":{"line":44,"column":2},"end":{"line":44,"column":20}}},"branchMap":{"1":{"line":17,"type":"if","locations":[{"start":{"line":17,"column":6},"end":{"line":17,"column":6}},{"start":{"line":17,"column":6},"end":{"line":17,"column":6}}]},"2":{"line":23,"type":"if","locations":[{"start":{"line":23,"column":6},"end":{"line":23,"column":6}},{"start":{"line":23,"column":6},"end":{"line":23,"column":6}}]},"3":{"line":34,"type":"if","locations":[{"start":{"line":34,"column":6},"end":{"line":34,"column":6}},{"start":{"line":34,"column":6},"end":{"line":34,"column":6}}]}},"code":["// Generated by CoffeeScript 1.12.2","(function() {","  var Map;","","  Map = (function() {","    function Map() {","      this.clones = [];","      this.clonesByFile = {};","      this.numberOfDuplication = 0;","      this.numberOfLines = 0;","      this.numberOfFiles = 0;","    }","","    Map.prototype.addClone = function(clone) {","      this.clones.push(clone);","      this.numberOfDuplication = this.numberOfDuplication + clone.linesCount;","      if (clone.firstFile in this.clonesByFile) {","        this.clonesByFile[clone.firstFile].push(clone.firstFile);","      } else {","        this.clonesByFile[clone.firstFile] = [clone.firstFile];","        this.numberOfFiles++;","      }","      if (clone.secondFile in this.clonesByFile) {","        return this.clonesByFile[clone.secondFile].push(clone);","      } else {","        this.clonesByFile[clone.secondFile] = [clone];","        return this.numberOfFiles++;","      }","    };","","    Map.prototype.getPercentage = function() {","      var result;","      result = 0;","      if (this.numberOfLines > 0) {","        result = this.numberOfDuplication / this.numberOfLines * 100;","      }","      return result.toFixed(2);","    };","","    return Map;","","  })();","","  exports.Map = Map;","","}).call(this);",""],"l":{"2":1,"3":1,"5":1,"6":1,"7":1,"8":1,"9":1,"10":1,"11":1,"14":1,"15":718,"16":718,"17":718,"18":616,"20":102,"21":102,"23":718,"24":417,"26":301,"27":301,"31":1,"32":1,"33":1,"34":1,"35":1,"37":1,"40":1,"44":1}},"/home/travis/build/npmtest/node-npmtest-jscpd/node_modules/jscpd/lib/strategy.js":{"path":"/home/travis/build/npmtest/node-npmtest-jscpd/node_modules/jscpd/lib/strategy.js","s":{"1":1,"2":1,"3":1,"4":1,"5":1,"6":1,"7":1,"8":1,"9":1,"10":1,"11":1,"12":1,"13":1,"14":1831,"15":1831,"16":1831,"17":1831,"18":1831,"19":0,"20":1831,"21":1831,"22":1830,"23":1,"24":1830,"25":1830,"26":1830,"27":1830,"28":1830,"29":1830,"30":1830,"31":1830,"32":2273661,"33":2273661,"34":2273661,"35":1072083,"36":1072083,"37":820,"38":820,"39":820,"40":1201578,"41":692,"42":692,"43":692,"44":692,"45":1201578,"46":2273661,"47":1830,"48":128,"49":128,"50":128,"51":1,"52":820,"53":820,"54":820,"55":820,"56":820,"57":820,"58":718,"59":1,"60":1},"b":{"1":[0,1831],"2":[1830,1],"3":[1072083,1201578],"4":[820,1071263],"5":[692,1200886],"6":[128,1702],"7":[718,102],"8":[820,718,102]},"f":{"1":1,"2":1,"3":1,"4":1831,"5":820},"fnMap":{"1":{"name":"(anonymous_1)","line":2,"loc":{"start":{"line":2,"column":1},"end":{"line":2,"column":12}}},"2":{"name":"(anonymous_2)","line":15,"loc":{"start":{"line":15,"column":14},"end":{"line":15,"column":25}}},"3":{"name":"Strategy","line":16,"loc":{"start":{"line":16,"column":4},"end":{"line":16,"column":31}}},"4":{"name":"(anonymous_4)","line":22,"loc":{"start":{"line":22,"column":32},"end":{"line":22,"column":73}}},"5":{"name":"(anonymous_5)","line":71,"loc":{"start":{"line":71,"column":34},"end":{"line":71,"column":114}}}},"statementMap":{"1":{"start":{"line":2,"column":0},"end":{"line":88,"column":14}},"2":{"start":{"line":3,"column":2},"end":{"line":3,"column":63}},"3":{"start":{"line":5,"column":2},"end":{"line":5,"column":28}},"4":{"start":{"line":7,"column":2},"end":{"line":7,"column":61}},"5":{"start":{"line":9,"column":2},"end":{"line":9,"column":29}},"6":{"start":{"line":11,"column":2},"end":{"line":11,"column":47}},"7":{"start":{"line":13,"column":2},"end":{"line":13,"column":35}},"8":{"start":{"line":15,"column":2},"end":{"line":84,"column":7}},"9":{"start":{"line":16,"column":4},"end":{"line":20,"column":5}},"10":{"start":{"line":17,"column":6},"end":{"line":17,"column":29}},"11":{"start":{"line":18,"column":6},"end":{"line":18,"column":41}},"12":{"start":{"line":19,"column":6},"end":{"line":19,"column":35}},"13":{"start":{"line":22,"column":4},"end":{"line":69,"column":6}},"14":{"start":{"line":23,"column":6},"end":{"line":23,"column":160}},"15":{"start":{"line":24,"column":6},"end":{"line":24,"column":31}},"16":{"start":{"line":25,"column":6},"end":{"line":25,"column":33}},"17":{"start":{"line":26,"column":6},"end":{"line":26,"column":81}},"18":{"start":{"line":27,"column":6},"end":{"line":29,"column":7}},"19":{"start":{"line":28,"column":8},"end":{"line":28,"column":21}},"20":{"start":{"line":30,"column":6},"end":{"line":30,"column":37}},"21":{"start":{"line":31,"column":6},"end":{"line":35,"column":7}},"22":{"start":{"line":32,"column":8},"end":{"line":32,"column":30}},"23":{"start":{"line":34,"column":8},"end":{"line":34,"column":21}},"24":{"start":{"line":36,"column":6},"end":{"line":36,"column":31}},"25":{"start":{"line":37,"column":6},"end":{"line":37,"column":59}},"26":{"start":{"line":38,"column":6},"end":{"line":38,"column":61}},"27":{"start":{"line":39,"column":6},"end":{"line":39,"column":119}},"28":{"start":{"line":40,"column":6},"end":{"line":40,"column":20}},"29":{"start":{"line":41,"column":6},"end":{"line":41,"column":22}},"30":{"start":{"line":42,"column":6},"end":{"line":42,"column":22}},"31":{"start":{"line":43,"column":6},"end":{"line":63,"column":7}},"32":{"start":{"line":44,"column":8},"end":{"line":44,"column":98}},"33":{"start":{"line":45,"column":8},"end":{"line":45,"column":71}},"34":{"start":{"line":46,"column":8},"end":{"line":61,"column":9}},"35":{"start":{"line":47,"column":10},"end":{"line":47,"column":25}},"36":{"start":{"line":48,"column":10},"end":{"line":52,"column":11}},"37":{"start":{"line":49,"column":12},"end":{"line":49,"column":53}},"38":{"start":{"line":50,"column":12},"end":{"line":50,"column":29}},"39":{"start":{"line":51,"column":12},"end":{"line":51,"column":37}},"40":{"start":{"line":54,"column":10},"end":{"line":59,"column":11}},"41":{"start":{"line":55,"column":12},"end":{"line":55,"column":57}},"42":{"start":{"line":56,"column":12},"end":{"line":56,"column":120}},"43":{"start":{"line":57,"column":12},"end":{"line":57,"column":26}},"44":{"start":{"line":58,"column":12},"end":{"line":58,"column":28}},"45":{"start":{"line":60,"column":10},"end":{"line":60,"column":83}},"46":{"start":{"line":62,"column":8},"end":{"line":62,"column":38}},"47":{"start":{"line":64,"column":6},"end":{"line":68,"column":7}},"48":{"start":{"line":65,"column":8},"end":{"line":65,"column":53}},"49":{"start":{"line":66,"column":8},"end":{"line":66,"column":116}},"50":{"start":{"line":67,"column":8},"end":{"line":67,"column":31}},"51":{"start":{"line":71,"column":4},"end":{"line":80,"column":6}},"52":{"start":{"line":72,"column":6},"end":{"line":72,"column":48}},"53":{"start":{"line":73,"column":6},"end":{"line":73,"column":54}},"54":{"start":{"line":74,"column":6},"end":{"line":74,"column":28}},"55":{"start":{"line":75,"column":6},"end":{"line":75,"column":33}},"56":{"start":{"line":76,"column":6},"end":{"line":76,"column":42}},"57":{"start":{"line":77,"column":6},"end":{"line":79,"column":7}},"58":{"start":{"line":78,"column":8},"end":{"line":78,"column":113}},"59":{"start":{"line":82,"column":4},"end":{"line":82,"column":20}},"60":{"start":{"line":86,"column":2},"end":{"line":86,"column":30}}},"branchMap":{"1":{"line":27,"type":"if","locations":[{"start":{"line":27,"column":6},"end":{"line":27,"column":6}},{"start":{"line":27,"column":6},"end":{"line":27,"column":6}}]},"2":{"line":31,"type":"if","locations":[{"start":{"line":31,"column":6},"end":{"line":31,"column":6}},{"start":{"line":31,"column":6},"end":{"line":31,"column":6}}]},"3":{"line":46,"type":"if","locations":[{"start":{"line":46,"column":8},"end":{"line":46,"column":8}},{"start":{"line":46,"column":8},"end":{"line":46,"column":8}}]},"4":{"line":48,"type":"if","locations":[{"start":{"line":48,"column":10},"end":{"line":48,"column":10}},{"start":{"line":48,"column":10},"end":{"line":48,"column":10}}]},"5":{"line":54,"type":"if","locations":[{"start":{"line":54,"column":10},"end":{"line":54,"column":10}},{"start":{"line":54,"column":10},"end":{"line":54,"column":10}}]},"6":{"line":64,"type":"if","locations":[{"start":{"line":64,"column":6},"end":{"line":64,"column":6}},{"start":{"line":64,"column":6},"end":{"line":64,"column":6}}]},"7":{"line":77,"type":"if","locations":[{"start":{"line":77,"column":6},"end":{"line":77,"column":6}},{"start":{"line":77,"column":6},"end":{"line":77,"column":6}}]},"8":{"line":77,"type":"binary-expr","locations":[{"start":{"line":77,"column":10},"end":{"line":77,"column":35}},{"start":{"line":77,"column":40},"end":{"line":77,"column":54}},{"start":{"line":77,"column":58},"end":{"line":77,"column":82}}]}},"code":["// Generated by CoffeeScript 1.12.2","(function() {","  var Clone, Storage, Strategy, TokenizerFactory, crypto, shjs;","","  shjs = require('shelljs');","","  TokenizerFactory = require('./tokenizer/TokenizerFactory');","","  crypto = require('crypto');","","  Storage = require('./storage/StorageMemory');","","  Clone = require('./clone').Clone;","","  Strategy = (function() {","    function Strategy(options) {","      this.options = options;","      this.languages = options.languages;","      this.storage = new Storage();","    }","","    Strategy.prototype.detect = function(map, file, minLines, minTokens) {","      var code, currentMap, firstHash, firstLine, firstToken, hash, isClone, language, lastToken, lines, mapFrame, ref, tokenNumber, tokenizer, tokensPositions;","      this.minLines = minLines;","      this.minTokens = minTokens;","      tokenizer = TokenizerFactory.prototype.makeTokenizer(file, this.languages);","      if (!tokenizer) {","        return false;","      }","      language = tokenizer.getType();","      if (shjs.test('-f', file)) {","        code = shjs.cat(file);","      } else {","        return false;","      }","      lines = code.split('\\n');","      map.numberOfLines = map.numberOfLines + lines.length;","      tokenizer.skipComments = this.options['skip-comments'];","      ref = tokenizer.tokenize(code).generateMap(), tokensPositions = ref.tokensPositions, currentMap = ref.currentMap;","      firstLine = 0;","      tokenNumber = 0;","      isClone = false;","      while (tokenNumber <= tokensPositions.length - this.minTokens) {","        mapFrame = currentMap.substring(tokenNumber * 33, tokenNumber * 33 + this.minTokens * 33);","        hash = crypto.createHash('md5').update(mapFrame).digest('hex');","        if (this.storage.hasHash(hash, language)) {","          isClone = true;","          if (firstLine === 0) {","            firstLine = tokensPositions[tokenNumber];","            firstHash = hash;","            firstToken = tokenNumber;","          }","        } else {","          if (isClone) {","            lastToken = tokenNumber + this.minTokens - 2;","            this.addClone(map, file, firstHash, firstToken, lastToken, firstLine, tokensPositions[lastToken], language);","            firstLine = 0;","            isClone = false;","          }","          this.storage.addHash(hash, file, tokensPositions[tokenNumber], language);","        }","        tokenNumber = tokenNumber + 1;","      }","      if (isClone) {","        lastToken = tokenNumber + this.minTokens - 2;","        this.addClone(map, file, firstHash, firstToken, lastToken, firstLine, tokensPositions[lastToken], language);","        return isClone = false;","      }","    };","","    Strategy.prototype.addClone = function(map, file, hash, firstToken, lastToken, firstLine, lastLine, language) {","      var fileA, firstLineA, hashInfo, numLines;","      hashInfo = this.storage.getHash(hash, language);","      fileA = hashInfo.file;","      firstLineA = hashInfo.line;","      numLines = lastLine + 1 - firstLine;","      if (numLines >= this.minLines && (fileA !== file || firstLineA !== firstLine)) {","        return map.addClone(new Clone(fileA, file, firstLineA, firstLine, numLines, lastToken - firstToken + 1));","      }","    };","","    return Strategy;","","  })();","","  exports.Strategy = Strategy;","","}).call(this);",""],"l":{"2":1,"3":1,"5":1,"7":1,"9":1,"11":1,"13":1,"15":1,"16":1,"17":1,"18":1,"19":1,"22":1,"23":1831,"24":1831,"25":1831,"26":1831,"27":1831,"28":0,"30":1831,"31":1831,"32":1830,"34":1,"36":1830,"37":1830,"38":1830,"39":1830,"40":1830,"41":1830,"42":1830,"43":1830,"44":2273661,"45":2273661,"46":2273661,"47":1072083,"48":1072083,"49":820,"50":820,"51":820,"54":1201578,"55":692,"56":692,"57":692,"58":692,"60":1201578,"62":2273661,"64":1830,"65":128,"66":128,"67":128,"71":1,"72":820,"73":820,"74":820,"75":820,"76":820,"77":820,"78":718,"82":1,"86":1}},"/home/travis/build/npmtest/node-npmtest-jscpd/node_modules/jscpd/lib/tokenizer/TokenizerFactory.js":{"path":"/home/travis/build/npmtest/node-npmtest-jscpd/node_modules/jscpd/lib/tokenizer/TokenizerFactory.js","s":{"1":1,"2":1,"3":0,"4":0,"5":0,"6":0,"7":1,"8":1,"9":1,"10":1,"11":1,"12":1,"13":1831,"14":1831,"15":2436,"16":1831,"17":0,"18":1,"19":1,"20":1,"21":0,"22":1,"23":1,"24":22,"25":22,"26":1,"27":1,"28":1831,"29":1831,"30":1831,"31":1831,"32":1831,"33":1831,"34":1831,"35":0,"36":1831,"37":6,"38":6,"39":1831,"40":1,"41":1},"b":{"1":[1,0],"2":[0,0
[...]
 }","  };","","  module.exports = debugPreprocessor;","","}).call(this);",""],"l":{"2":1,"3":1,"5":1,"7":1,"8":1,"9":1,"10":0,"11":0,"12":0,"13":0,"14":0,"15":0,"16":0,"19":0,"20":0,"21":0,"22":0,"23":0,"24":0,"26":0,"27":0,"31":1}},"/home/travis/build/npmtest/node-npmtest-jscpd/node_modules/jscpd/lib/cli/cli.js":{"path":"/home/travis/build/npmtest/node-npmtest-jscpd/node_modules/jscpd/lib/cli/cli.js","s":{"1":1,"2":1,"3":1,"4":1,"5":1,"6":1,"7":1,"8":1,"9":1,"10":1,"11":1,"12":1,"13":1,"14":1,"15":1,"16":1,"17":1},"b":{},"f":{"1":1,"2":1},"fnMap":{"1":{"name":"(anonymous_1)","line":2,"loc":{"start":{"line":2,"column":1},"end":{"line":2,"column":12}}},"2":{"name":"(anonymous_2)","line":38,"loc":{"start":{"line":38,"column":11},"end":{"line":38,"column":35}}}},"statementMap":{"1":{"start":{"line":2,"column":0},"end":{"line":47,"column":14}},"2":{"start":{"line":3,"column":2},"end":{"line":3,"column":31}},"3":{"start":{"line":5,"column":2},"end":{"line":5,"column":30}},"4":{"start":{"line":7,"column":2},"end":{"line":7,"column":49}},"5":{"start":{"line":9,"column":2},"end":{"line":9,"column":25}},"6":{"start":{"line":11,"column":2},"end":{"line":11,"column":32}},"7":{"start":{"line":13,"column":2},"end":{"line":13,"column":15}},"8":{"start":{"line":15,"column":2},"end":{"line":15,"column":34}},"9":{"start":{"line":17,"column":2},"end":{"line":17,"column":62}},"10":{"start":{"line":19,"column":2},"end":{"line":36,"column":5}},"11":{"start":{"line":38,"column":2},"end":{"line":45,"column":5}},"12":{"start":{"line":39,"column":4},"end":{"line":39,"column":14}},"13":{"start":{"line":40,"column":4},"end":{"line":40,"column":22}},"14":{"start":{"line":41,"column":4},"end":{"line":41,"column":32}},"15":{"start":{"line":42,"column":4},"end":{"line":42,"column":107}},"16":{"start":{"line":43,"column":4},"end":{"line":43,"column":23}},"17":{"start":{"line":44,"column":4},"end":{"line":44,"column":39}}},"branchMap":{},"code":["// Generated by CoffeeScript 1.12.2","(function() {","  var JsCpd, cli, logger, path;","","  logger = require('winston');","","  cli = require(\"cli\").enable(\"help\", \"version\");","","  path = require(\"path\");","","  JsCpd = require(\"./../jscpd\");","","  logger.cli();","","  cli.setUsage(\"jscpd [OPTIONS]\");","","  cli.setApp(path.resolve(__dirname + \"/../../package.json\"));","","  cli.parse({","    \"min-lines\": ['l', \"min size of duplication in code lines\", \"number\"],","    \"min-tokens\": ['t', \"mim size of duplication in code tokens\", \"number\"],","    \"config\": ['c', \"path to config file\", \"file\"],","    \"files\": ['f', \"glob pattern for find code\", \"string\"],","    \"exclude\": ['e', \"directory to ignore\", \"string\"],","    \"skip-comments\": [false, \"skip comments in code\"],","    \"blame\": ['b', \"blame authors of duplications (get information about authors from git)\", \"boolean\"],","    \"languages-exts\": [false, \"list of languages with file extensions (language:ext1,ext2;language:ext3)\", \"string\"],","    \"languages\": ['g', \"list of languages which scan for duplicates, separated with comma\", \"string\"],","    \"output\": ['o', \"path to report file\", \"path\"],","    \"reporter\": ['r', \"reporter to use\", \"string\"],","    \"xsl-href\": ['x', \"path to xsl for include to xml report\", \"string\"],","    \"verbose\": [false, \"show full info about copies\"],","    \"debug\": ['d', \"show debug information(options list and selected files)\"],","    \"path\": ['p', \"path to code\", \"path\"],","    \"limit\": [false, 'limit of allowed duplications, if real duplications percent more then limit jscpd exit with error', \"number\"]","  });","","  cli.main(function(args, options) {","    var jscpd;","    jscpd = new JsCpd;","    logger.profile(\"All time:\");","    logger.info(\"jscpd - copy/paste detector for programming source code, developed by Andrey Kucherenko\");","    jscpd.run(options);","    return logger.profile(\"All time:\");","  });","","}).call(this);",""],"l":{"2":1,"3":1,"5":1,"7":1,"9":1,"11":1,"13":1,"15":1,"17":1,"19":1,"38":1,"39":1,"40":1,"41":1,"42":1,"43":1,"44":1}},"/home/travis/build/npmtest/node-npmtest-jscpd/node_modules/jscpd/lib/reporters/xml-pmd.js":{"path":"/home/travis/build/npmtest/node-npmtest-jscpd/node_modules/jscpd/lib/reporters/xml-pmd.js","s":{"1":1,"2":1,"3":1,"4":1,"5":1,"6":1,"7":1,"8":1,"9":0,"10":1,"11":1,"12":1,"13":718,"14":718,"15":718,"16":718,"17":1,"18":718,"19":718,"20":1,"21":1},"b":{"1":[0,1]},"f":{"1":1,"2":1,"3":718},"fnMap":{"1":{"name":"(anonymous_1)","line":2,"loc":{"start":{"line":2,"column":1},"end":{"line":2,"column":12}}},"2":{"name":"(anonymous_2)","line":9,"loc":{"start":{"line":9,"column":19},"end":{"line":9,"column":37}}},"3":{"name":"(anonymous_3)","line":17,"loc":{"start":{"line":17,"column":9},"end":{"line":17,"column":25}}}},"statementMap":{"1":{"start":{"line":2,"column":0},"end":{"line":31,"column":14}},"2":{"start":{"line":3,"column":2},"end":{"line":3,"column":17}},"3":{"start":{"line":5,"column":2},"end":{"line":5,"column":28}},"4":{"start":{"line":7,"column":2},"end":{"line":7,"column":32}},"5":{"start":{"line":9,"column":2},"end":{"line":29,"column":4}},"6":{"start":{"line":10,"column":4},"end":{"line":10,"column":39}},"7":{"start":{"line":11,"column":4},"end":{"line":11,"column":55}},"8":{"start":{"line":12,"column":4},"end":{"line":14,"column":5}},"9":{"start":{"line":13,"column":6},"end":{"line":13,"column":88}},"10":{"start":{"line":15,"column":4},"end":{"line":15,"column":26}},"11":{"start":{"line":16,"column":4},"end":{"line":16,"column":26}},"12":{"start":{"line":17,"column":4},"end":{"line":22,"column":6}},"13":{"start":{"line":18,"column":6},"end":{"line":18,"column":40}},"14":{"start":{"line":19,"column":6},"end":{"line":19,"column":53}},"15":{"start":{"line":20,"column":6},"end":{"line":20,"column":55}},"16":{"start":{"line":21,"column":6},"end":{"line":21,"column":560}},"17":{"start":{"line":23,"column":4},"end":{"line":26,"column":5}},"18":{"start":{"line":24,"column":6},"end":{"line":24,"column":21}},"19":{"start":{"line":25,"column":6},"end":{"line":25,"column":16}},"20":{"start":{"line":27,"column":4},"end":{"line":27,"column":35}},"21":{"start":{"line":28,"column":4},"end":{"line":28,"column":20}}},"branchMap":{"1":{"line":12,"type":"if","locations":[{"start":{"line":12,"column":4},"end":{"line":12,"column":4}},{"start":{"line":12,"column":4},"end":{"line":12,"column":4}}]}},"code":["// Generated by CoffeeScript 1.12.2","(function() {","  var Promise, _;","","  _ = require('underscore');","","  Promise = require('bluebird');","","  module.exports = function(options) {","    var clone, fn, i, len, ref, xmlDoc;","    xmlDoc = \"<?xml version='1.0' encoding='UTF-8' ?>\";","    if (options['xsl-href']) {","      xmlDoc += '<?xml-stylesheet type=\"text/xsl\" href=\"' + options['xsl-href'] + '\"?>';","    }","    xmlDoc += '<pmd-cpd>';","    ref = this.map.clones;","    fn = function(clone) {","      var firstFragment, secondFragment;","      firstFragment = _.escape(clone.getLines(true));","      secondFragment = _.escape(clone.getLines(false));","      return xmlDoc = xmlDoc + \" <duplication lines='\" + clone.linesCount + \"' tokens='\" + clone.tokensCount + \"'> <file path='\" + clone.firstFile + \"' line='\" + clone.firstFileStart + \"'>\" + clone.firstFileAnnotatedCode + \" <codefragment><![CDATA[\" + firstFragment + \"]]></codefragment> </file> <file path='\" + clone.secondFile + \"' line='\" + clone.secondFileStart + \"'>\" + clone.secondFileAnnotatedCode + \" <codefragment><![CDATA[\" + secondFragment + \"]]></codefragment> </file> <codefragment><![CDATA[\" + firstFragment + \"]]></codefragment> </duplication>\";","    };","    for (i = 0, len = ref.length; i < len; i++) {","      clone = ref[i];","      fn(clone);","    }","    xmlDoc = xmlDoc + '</pmd-cpd>';","    return [xmlDoc];","  };","","}).call(this);",""],"l":{"2":1,"3":1,"5":1,"7":1,"9":1,"10":1,"11":1,"12":1,"13":0,"15":1,"16":1,"17":1,"18":718,"19":718,"20":718,"21":718,"23":1,"24":718,"25":718,"27":1,"28":1}},"/home/travis/build/npmtest/node-npmtest-jscpd/node_modules/jscpd/lib/reporters/_std-log.js":{"path":"/home/travis/build/npmtest/node-npmtest-jscpd/node_modules/jscpd/lib/reporters/_std-log.js","s":{"1":1,"2":1,"3":1,"4":1,"5":1,"6":1,"7":0,"8":0,"9":0,"10":0,"11":0,"12":0,"13":1,"14":1,"15":1,"16":1,"17":1,"18":1,"19":718,"20":718,"21":718,"22":718,"23":718,"24":0,"25":0,"26":0,"27":0,"28":0,"29":0,"30":0,"31":0,"32":718,"33":718,"34":0,"35":1,"36":718,"37":718,"38":1,"39":1,"40":1,"41":0,"42":0,"43":0,"44":1},"b":{"1":[0,0,0],"2":[1,1],"3":[0,718],"4":[0,0],"5":[0,718],"6":[0,1],"7":[1,0]},"f":{"1":1,"2":0,"3":1,"4":718,"5":0},"fnMap":{"1":{"name":"(anonymous_1)","line":2,"loc":{"start":{"line":2,"column":1},"end":{"line":2,"column":12}}},"2":{"name":"(anonymous_2)","line":28,"loc":{"start":{"line":28,"column":17},"end":{"line":28,"column":49}}},"3":{"name":"(anonymous_3)","line":41,"loc":{"start":{"line":41,"column":19},"end":{"line":41,"column":30}}},"4":{"name":"(anonymous_4)","line":46,"loc":{"start":{"line":46,"column":9},"end":{"line":46,"column":25}}},"5":{"name":"(anonymous_5)","line":52,"loc":{"start":{"line":52,"column":55},"end":{"line":52,"column":90}}}},"statementMap":{"1":{"start":{"line":2,"column":0},"end":{"line":83,"column":14}},"2":{"start":{"line":3,"column":2},"end":{"line":3,"column":47}},"3":{"start":{"line":5,"column":2},"end":{"line":5,"column":20}},"4":{"start":{"line":7,"column":2},"end":{"line":7,"column":31}},"5":{"start":{"line":9,"column":2},"end":{"line":26,"column":4}},"6":{"start":{"line":28,"column":2},"end":{"line":39,"column":4}},"7":{"start":{"line":29,"column":4},"end":{"line":29,"column":36}},"8":{"start":{"line":30,"column":4},"end":{"line":30,"column":38}},"9":{"start":{"line":31,"column":4},"end":{"line":38,"column":5}},"10":{"start":{"line":33,"column":8},"end":{"line":33,"column":20}},"11":{"start":{"line":35,"column":8},"end":{"line":35,"column":20}},"12":{"start":{"line":37,"column":8},"end":{"line":37,"column":20}},"13":{"start":{"line":41,"column":2},"end":{"line":81,"column":4}},"14":{"start":{"line":42,"column":4},"end":{"line":42,"column":60}},"15":{"start":{"line":43,"column":4},"end":{"line":43,"column":14}},"16":{"start":{"line":44,"column":4},"end":{"line":44,"column":57}},"17":{"start":{"line":45,"column":4},"end":{"line":45,"column":26}},"18":{"start":{"line":46,"column":4},"end":{"line":68,"column":6}},"19":{"start":{"line":47,"column":6},"end":{"line":47,"column":49}},"20":{"start":{"line":48,"column":6},"end":{"line":48,"column":45}},"21":{"start":{"line":49,"column":6},"end":{"line":49,"column":34}},"22":{"start":{"line":50,"column":6},"end":{"line":50,"column":36}},"23":{"start":{"line":51,"column":6},"end":{"line":63,"column":7}},"24":{"start":{"line":52,"column":8},"end":{"line":62,"column":18}},"25":{"start":{"line":53,"column":10},"end":{"line":53,"column":44}},"26":{"start":{"line":54,"column":10},"end":{"line":54,"column":60}},"27":{"start":{"line":55,"column":10},"end":{"line":55,"column":62}},"28":{"start":{"line":56,"column":10},"end":{"line":60,"column":11}},"29":{"start":{"line":57,"column":12},"end":{"line":57,"column":289}},"30":{"start":{"line":59,"column":12},"end":{"line":59,"column":67}},"31":{"start":{"line":61,"column":10},"end":{"line":61,"column":21}},"32":{"start":{"line":64,"column":6},"end":{"line":64,"column":255}},"33":{"start":{"line":65,"column":6},"end":{"line":67,"column":7}},"34":{"start":{"line":66,"column":8},"end":{"line":66,"column":65}},"35":{"start":{"line":69,"column":4},"end":{"line":72,"column":5}},"36":{"start":{"line":70,"column":6},"end":{"line":70,"column":21}},"37":{"start":{"line":71,"column":6},"end":{"line":71,"column":16}},"38":{"start":{"line":73,"column":4},"end":{"line":73,"column":39}},"39":{"start":{"line":74,"column":4},"end":{"line":74,"column":320}},"40":{"start":{"line":75,"column":4},"end":{"line":79,"column":5}},"41":{"start":{"line":76,"column":6},"end":{"line":76,"column":25}},"42":{"start":{"line":77,"column":6},"end":{"line":77,"column":77}},"43":{"start":{"line":78,"column":6},"end":{"line":78,"column":22}},"44":{"start":{"line":80,"column":4},"end":{"line":80,"column":15}}},"branchMap":{"1":{"line":31,"type":"switch","locations":[{"start":{"line":32,"column":6},"end":{"line":33,"column":20}},{"start":{"line":34,"column":6},"end":{"line":35,"column":20}},{"start":{"line":36,"column":6},"end":{"line":37,"column":20}}]},"2":{"line":44,"type":"binary-expr","locations":[{"start":{"line":44,"column":14},"end":{"line":44,"column":34}},{"start":{"line":44,"column":38},"end":{"line":44,"column":56}}]},"3":{"line":51,"type":"if","locations":[{"start":{"line":51,"column":6},"end":{"line":51,"column":6}},{"start":{"line":51,"column":6},"end":{"line":51,"column":6}}]},"4":{"line":56,"type":"if","locations":[{"start":{"line":56,"column":10},"end":{"line":56,"column":10}},{"start":{"line":56,"column":10},"end":{"line":56,"column":10}}]},"5":{"line":65,"type":"if","locations":[{"start":{"line":65,"column":6},"end":{"line":65,"column":6}},{"start":{"line":65,"column":6},"end":{"line":65,"column":6}}]},"6":{"line":75,"type":"if","locations":[{"start":{"line":75,"column":4},"end":{"line":75,"column":4}},{"start":{"line":75,"column":4},"end":{"line":75,"column":4}}]},"7":{"line":75,"type":"binary-expr","locations":[{"start":{"line":75,"column":8},"end":{"line":75,"column":37}},{"start":{"line":75,"column":41},"end":{"line":75,"column":59}}]}},"code":["// Generated by CoffeeScript 1.12.2","(function() {","  var TABLE_CONFIGURATION, Table, compareDates;","","  require('colors');","","  Table = require('cli-table');","","  TABLE_CONFIGURATION = {","    chars: {","      'mid': '',","      'left-mid': '',","      'mid-mid': '',","      'right-mid': '',","      'top': '',","      'top-mid': '',","      'top-left': '',","      'top-right': '',","      'bottom': '',","      'bottom-mid': '',","      'bottom-left': '',","      'bottom-right': '',","      'left': '',","      'right': ''","    }","  };","","  compareDates = function(firstDate, secondDate) {","    firstDate = new Date(firstDate);","    secondDate = new Date(secondDate);","    switch (true) {","      case firstDate < secondDate:","        return \"=>\";","      case firstDate > secondDate:","        return \"<=\";","      default:","        return \"==\";","    }","  };","","  module.exports = function() {","    var clog, clone, fn, i, len, log, percent, ref, verbose;","    clog = '';","    verbose = this.options.verbose || this.options.blame;","    ref = this.map.clones;","    fn = function(clone) {","      var firstFile, fragment, secondFile, table;","      table = new Table(TABLE_CONFIGURATION);","      firstFile = clone.firstFile;","      secondFile = clone.secondFile;","      if (verbose) {","        fragment = clone.getLines().split(\"\\n\").reduce(function(tbl, current, lineNumber) {","          var firstFileLine, secondFileLine;","          firstFileLine = clone.firstFileStart + lineNumber;","          secondFileLine = clone.secondFileStart + lineNumber;","          if (Object.keys(clone.firstFileAnnotatedCode).length > 0) {","            tbl.push([firstFileLine, clone.firstFileAnnotatedCode[firstFileLine].author, compareDates(clone.firstFileAnnotatedCode[firstFileLine].date, clone.secondFileAnnotatedCode[secondFileLine].date), secondFileLine, clone.secondFileAnnotatedCode[secondFileLine].author, current.dim]);","          } else {","            tbl.push([firstFileLine, secondFileLine, current.dim]);","          }","          return tbl;","        }, table);","      }","      clog = clog + \"\\n\\t- \" + firstFile.green.bold + \": \" + clone.firstFileStart + \"-\" + (clone.firstFileStart + clone.linesCount) + \"\\n\\t \" + secondFile.green.bold + \": \" + clone.secondFileStart + \"-\" + (clone.secondFileStart + clone.linesCount) + \"\\n\";","      if (verbose) {","        return clog = clog + \"\\n\" + (fragment.toString()) + \"\\n\";","      }","    };","    for (i = 0, len = ref.length; i < len; i++) {","      clone = ref[i];","      fn(clone);","    }","    percent = this.map.getPercentage();","    log = \"Found \" + this.map.clones.length + \" exact clones with \" + this.map.numberOfDuplication + \" duplicated lines in \" + this.map.numberOfFiles + \" files\\n \" + clog + \"\\n\\n \" + percent + \"% (\" + this.map.numberOfDuplication + \" lines) duplicated lines out of \" + this.map.numberOfLines + \" total lines of code.\\n\";","    if (this.options.limit <= percent && percent !== \"0.00\") {","      console.error(log);","      console.error(\"ERROR: jscpd found too many duplicates over threshold\");","      process.exit(1);","    }","    return log;","  };","","}).call(this);",""],"l":{"2":1,"3":1,"5":1,"7":1,"9":1,"28":1,"29":0,"30":0,"31":0,"33":0,"35":0,"37":0,"41":1,"42":1,"43":1,"44":1,"45":1,"46":1,"47":718,"48":718,"49":718,"50":718,"51":718,"52":0,"53":0,"54":0,"55":0,"56":0,"57":0,"59":0,"61":0,"64":718,"65":718,"66":0,"69":1,"70":718,"71":718,"73":1,"74":1,"75":1,"76":0,"77":0,"78":0,"80":1}},"/home/travis/build/npmtest/node-npmtest-jscpd/node_modules/jscpd/lib/reporters/json.js":{"path":"/home/travis/build/npmtest/node-npmtest-jscpd/node_modules/jscpd/lib/reporters/json.js","s":{"1":1,"2":1,"3":1,"4":1,"5":0,"6":0,"7":0,"8":0,"9":0,"10":0,"11":0,"12":0,"13":0,"14":0},"b":{},"f":{"1":1,"2":0,"3":0},"fnMap":{"1":{"name":"(anonymous_1)","line":2,"loc":{"start":{"line":2,"column":1},"end":{"line":2,"column":12}}},"2":{"name":"(anonymous_2)","line":7,"loc":{"start":{"line":7,"column":19},"end":{"line":7,"column":30}}},"3":{"name":"(anonymous_3)","line":11,"loc":{"start":{"line":11,"column":9},"end":{"line":11,"column":25}}}},"statementMap":{"1":{"start":{"line":2,"column":0},"end":{"line":43,"column":14}},"2":{"start":{"line":3,"column":2},"end":{"line":3,"column":8}},"3":{"start":{"line":5,"column":2},"end":{"line":5,"column":28}},"4":{"start":{"line":7,"column":2},"end":{"line":41,"column":4}},"5":{"start":{"line":8,"column":4},"end":{"line":8,"column":49}},"6":{"start":{"line":9,"column":4},"end":{"line":9,"column":20}},"7":{"start":{"line":10,"column":4},"end":{"line":10,"column":26}},"8":{"start":{"line":11,"column":4},"end":{"line":25,"column":6}},"9":{"start":{"line":12,"column":6},"end":{"line":24,"column":9}},"10":{"start":{"line":26,"column":4},"end":{"line":29,"column":5}},"11":{"start":{"line":27,"column":6},"end":{"line":27,"column":21}},"12":{"start":{"line":28,"column":6},"end":{"line":28,"column":16}},"13":{"start":{"line":30,"column":4},"end":{"line":39,"column":6}},"14":{"start":{"line":40,"column":4},"end":{"line":40,"column":40}}},"branchMap":{},"code":["// Generated by CoffeeScript 1.12.2","(function() {","  var _;","","  _ = require('underscore');","","  module.exports = function() {","    var clone, duplicates, fn, i, json, len, ref;","    duplicates = [];","    ref = this.map.clones;","    fn = function(clone) {","      return duplicates.push({","        lines: clone.linesCount,","        tokens: clone.tokensCount,","        firstFile: {","          start: clone.firstFileStart,","          name: clone.firstFile","        },","        secondFile: {","          start: clone.secondFileStart,","          name: clone.secondFile","        },","        fragment: _.escape(clone.getLines())","      });","    };","    for (i = 0, len = ref.length; i < len; i++) {","      clone = ref[i];","      fn(clone);","    }","    json = {","      duplicates: duplicates,","      statistics: {","        clones: this.map.clones.length,","        duplications: this.map.numberOfDuplication,","        files: this.map.numberOfFiles,","        percentage: this.map.getPercentage(),","        lines: this.map.numberOfLines","      }","    };","    return [json, JSON.stringify(json)];","  };","","}).call(this);",""],"l":{"2":1,"3":1,"5":1,"7":1,"8":0,"9":0,"10":0,"11":0,"12":0,"26":0,"27":0,"28":0,"30":0,"40":0}}}